[2022-12-12 11:28:47] This is codeql database create codeqldb --language=python
[2022-12-12 11:28:47] Log file was started late.
[2022-12-12 11:28:47] [PROGRESS] database create> Initializing database at /Users/glebtishchenko/dj-weatherbot/codeqldb.
[2022-12-12 11:28:47] Running plumbing command: codeql database init --language=python --source-root=/Users/glebtishchenko/dj-weatherbot --allow-missing-source-root=false --allow-already-existing -- /Users/glebtishchenko/dj-weatherbot/codeqldb
[2022-12-12 11:28:47] Calling plumbing command: codeql resolve languages --format=json
[2022-12-12 11:28:47] [DETAILS] resolve languages> Scanning for [codeql-extractor.yml] from /Users/glebtishchenko/codeql-home/codeql/.codeqlmanifest.json
[2022-12-12 11:28:47] [DETAILS] resolve languages> Parsing /Users/glebtishchenko/codeql-home/codeql/go/codeql-extractor.yml.
[2022-12-12 11:28:47] [DETAILS] resolve languages> Parsing /Users/glebtishchenko/codeql-home/codeql/python/codeql-extractor.yml.
[2022-12-12 11:28:47] [DETAILS] resolve languages> Parsing /Users/glebtishchenko/codeql-home/codeql/java/codeql-extractor.yml.
[2022-12-12 11:28:47] [DETAILS] resolve languages> Parsing /Users/glebtishchenko/codeql-home/codeql/html/codeql-extractor.yml.
[2022-12-12 11:28:47] [DETAILS] resolve languages> Parsing /Users/glebtishchenko/codeql-home/codeql/xml/codeql-extractor.yml.
[2022-12-12 11:28:47] [DETAILS] resolve languages> Parsing /Users/glebtishchenko/codeql-home/codeql/properties/codeql-extractor.yml.
[2022-12-12 11:28:47] [DETAILS] resolve languages> Parsing /Users/glebtishchenko/codeql-home/codeql/cpp/codeql-extractor.yml.
[2022-12-12 11:28:47] [DETAILS] resolve languages> Parsing /Users/glebtishchenko/codeql-home/codeql/csv/codeql-extractor.yml.
[2022-12-12 11:28:47] [DETAILS] resolve languages> Parsing /Users/glebtishchenko/codeql-home/codeql/csharp/codeql-extractor.yml.
[2022-12-12 11:28:47] [DETAILS] resolve languages> Parsing /Users/glebtishchenko/codeql-home/codeql/javascript/codeql-extractor.yml.
[2022-12-12 11:28:47] [DETAILS] resolve languages> Parsing /Users/glebtishchenko/codeql-home/codeql/ruby/codeql-extractor.yml.
[2022-12-12 11:28:47] Plumbing command codeql resolve languages completed:
                      {
                        "extractors" : {
                          "go" : [
                            {
                              "extractor_root" : "/Users/glebtishchenko/codeql-home/codeql/go"
                            }
                          ],
                          "python" : [
                            {
                              "extractor_root" : "/Users/glebtishchenko/codeql-home/codeql/python"
                            }
                          ],
                          "java" : [
                            {
                              "extractor_root" : "/Users/glebtishchenko/codeql-home/codeql/java",
                              "extractor_options" : {
                                "exclude" : {
                                  "title" : "A glob excluding files from analysis.",
                                  "description" : "A glob indicating what files to exclude from the analysis.\n",
                                  "type" : "string"
                                }
                              }
                            }
                          ],
                          "html" : [
                            {
                              "extractor_root" : "/Users/glebtishchenko/codeql-home/codeql/html"
                            }
                          ],
                          "xml" : [
                            {
                              "extractor_root" : "/Users/glebtishchenko/codeql-home/codeql/xml"
                            }
                          ],
                          "properties" : [
                            {
                              "extractor_root" : "/Users/glebtishchenko/codeql-home/codeql/properties"
                            }
                          ],
                          "cpp" : [
                            {
                              "extractor_root" : "/Users/glebtishchenko/codeql-home/codeql/cpp"
                            }
                          ],
                          "csv" : [
                            {
                              "extractor_root" : "/Users/glebtishchenko/codeql-home/codeql/csv"
                            }
                          ],
                          "csharp" : [
                            {
                              "extractor_root" : "/Users/glebtishchenko/codeql-home/codeql/csharp",
                              "extractor_options" : {
                                "trap" : {
                                  "title" : "Options pertaining to TRAP.",
                                  "description" : "Options pertaining to TRAP.",
                                  "type" : "object",
                                  "properties" : {
                                    "compression" : {
                                      "title" : "Controls compression for the TRAP files written by the extractor.",
                                      "description" : "This option is only intended for use in debugging the extractor. Accepted values are 'brotli' (the default, to write brotli-compressed TRAP), 'gzip', and 'none' (to write uncompressed TRAP).\n",
                                      "type" : "string",
                                      "pattern" : "^(none|gzip|brotli)$"
                                    }
                                  }
                                },
                                "buildless" : {
                                  "title" : "Whether to use buildless (standalone) extraction.",
                                  "description" : "A value indicating, which type of extraction the autobuilder should perform. If 'true', then the standalone extractor will be used, otherwise tracing extraction will be performed. The default is 'false'. Note that buildless extraction will generally yield less accurate analysis results, and should only be used in cases where it is not possible to build the code (for example if it uses inaccessible dependencies).\n",
                                  "type" : "string",
                                  "pattern" : "^(false|true)$"
                                },
                                "cil" : {
                                  "title" : "Whether to enable CIL extraction.",
                                  "description" : "A value indicating, whether CIL extraction should be enabled. The default is 'true'.\n",
                                  "type" : "string",
                                  "pattern" : "^(false|true)$"
                                }
                              }
                            }
                          ],
                          "javascript" : [
                            {
                              "extractor_root" : "/Users/glebtishchenko/codeql-home/codeql/javascript",
                              "extractor_options" : { }
                            }
                          ],
                          "ruby" : [
                            {
                              "extractor_root" : "/Users/glebtishchenko/codeql-home/codeql/ruby"
                            }
                          ]
                        }
                      }
[2022-12-12 11:28:47] [PROGRESS] database init> Calculating baseline information in /Users/glebtishchenko/dj-weatherbot
[2022-12-12 11:28:49] [PROGRESS] database init> Resolving extractor python.
[2022-12-12 11:28:49] [DETAILS] database init> Found candidate extractor root for python: /Users/glebtishchenko/codeql-home/codeql/python.
[2022-12-12 11:28:49] [PROGRESS] database init> Successfully loaded extractor Python (python) from /Users/glebtishchenko/codeql-home/codeql/python.
[2022-12-12 11:28:49] [PROGRESS] database init> Created skeleton CodeQL database at /Users/glebtishchenko/dj-weatherbot/codeqldb. This in-progress database is ready to be populated by an extractor.
[2022-12-12 11:28:49] Plumbing command codeql database init completed.
[2022-12-12 11:28:49] [PROGRESS] database create> Running build command: []
[2022-12-12 11:28:49] Running plumbing command: codeql database trace-command --working-dir=/Users/glebtishchenko/dj-weatherbot --index-traceless-dbs --no-db-cluster -- /Users/glebtishchenko/dj-weatherbot/codeqldb
[2022-12-12 11:28:49] Using autobuild script /Users/glebtishchenko/codeql-home/codeql/python/tools/autobuild.sh.
[2022-12-12 11:28:49] [PROGRESS] database trace-command> Running command in /Users/glebtishchenko/dj-weatherbot: [/Users/glebtishchenko/codeql-home/codeql/python/tools/autobuild.sh]
[2022-12-12 11:28:51] [build-stderr] /bin/sh: python2: command not found
[2022-12-12 11:28:51] [build-stdout] Source root appears to be the real root.
[2022-12-12 11:28:51] [build-stdout] Will try to guess Python version, as it was not specified in `lgtm.yml`
[2022-12-12 11:28:51] [build-stdout] Trying to guess Python version based on Trove classifiers in setup.py
[2022-12-12 11:28:51] [build-stdout] Did not find setup.py (expected it to be at /Users/glebtishchenko/dj-weatherbot/setup.py)
[2022-12-12 11:28:51] [build-stdout] Trying to guess Python version based on travis file
[2022-12-12 11:28:51] [build-stdout] Did not find any travis files (expected them at either ['/Users/glebtishchenko/dj-weatherbot/.travis.yml', '/Users/glebtishchenko/dj-weatherbot/travis.yml'])
[2022-12-12 11:28:51] [build-stdout] Trying to guess Python version based on installed versions
[2022-12-12 11:28:51] [build-stdout] Only Python 3 installed -- will use that version
[2022-12-12 11:28:51] [build-stdout] Calling python3 /Users/glebtishchenko/codeql-home/codeql/python/tools/get_venv_lib.py
[2022-12-12 11:28:52] [build-stdout] Calling python3 -S /Users/glebtishchenko/codeql-home/codeql/python/tools/python_tracer.py -v -z all -c /Users/glebtishchenko/dj-weatherbot/codeqldb/working/trap_cache -p /Applications/Xcode.app/Contents/Developer/Library/Frameworks/Python3.framework/Versions/3.9/lib/python3.9/site-packages -R /Users/glebtishchenko/dj-weatherbot
[2022-12-12 11:28:52] [build-stdout] [INFO] Extraction will use the Python 3 standard library.
[2022-12-12 11:28:52] [build-stdout] [INFO] sys_path is: ['/Users/glebtishchenko/codeql-home/codeql/python/tools', '/Applications/Xcode.app/Contents/Developer/Library/Frameworks/Python3.framework/Versions/3.9/lib/python39.zip', '/Applications/Xcode.app/Contents/Developer/Library/Frameworks/Python3.framework/Versions/3.9/lib/python3.9', '/Applications/Xcode.app/Contents/Developer/Library/Frameworks/Python3.framework/Versions/3.9/lib/python3.9/lib-dynload']
[2022-12-12 11:28:52] [build-stdout] [INFO] Python version 3.9.6
[2022-12-12 11:28:52] [build-stdout] [INFO] Python extractor version 5.29
[2022-12-12 11:28:52] [build-stdout] [INFO] [4] Extracted file /Users/glebtishchenko/dj-weatherbot/fetchweather/migrations/__init__.py in 3ms
[2022-12-12 11:28:52] [build-stdout] [INFO] [4] Extracted folder /Users/glebtishchenko/dj-weatherbot/fetchweather/migrations in 2ms
[2022-12-12 11:28:52] [build-stdout] [INFO] [4] Extracted file /Users/glebtishchenko/dj-weatherbot/fetchweather/__init__.py in 2ms
[2022-12-12 11:28:52] [build-stdout] [INFO] [1] Extracted file /Users/glebtishchenko/dj-weatherbot/fetchweather/models.py in 7ms
[2022-12-12 11:28:52] [build-stdout] [INFO] [3] Extracted file /Users/glebtishchenko/dj-weatherbot/fetchweather/admin.py in 5ms
[2022-12-12 11:28:52] [build-stdout] [INFO] [4] Extracted file /Users/glebtishchenko/dj-weatherbot/fetchweather/apps.py in 9ms
[2022-12-12 11:28:52] [build-stdout] [INFO] [10] Extracted folder /Users/glebtishchenko/dj-weatherbot/fetchweather in 1ms
[2022-12-12 11:28:52] [build-stdout] [INFO] [5] Extracted file /Users/glebtishchenko/dj-weatherbot/fetchweather/tests.py in 5ms
[2022-12-12 11:28:52] [build-stdout] [INFO] [1] Extracted file /Users/glebtishchenko/dj-weatherbot/fetchweather/urls.py in 8ms
[2022-12-12 11:28:52] [build-stdout] [INFO] [1] Extracted folder /Users/glebtishchenko/dj-weatherbot/weatherbot in 1ms
[2022-12-12 11:28:52] [build-stdout] [INFO] [3] Extracted file /Users/glebtishchenko/dj-weatherbot/weatherbot/test_hub.py in 8ms
[2022-12-12 11:28:52] [build-stdout] [INFO] [4] Extracted file /Users/glebtishchenko/dj-weatherbot/weatherbot/asgi.py in 8ms
[2022-12-12 11:28:52] [build-stdout] [INFO] [10] Extracted file /Users/glebtishchenko/dj-weatherbot/weatherbot/__init__.py in 5ms
[2022-12-12 11:28:52] [build-stdout] [INFO] [5] Extracted file /Users/glebtishchenko/dj-weatherbot/weatherbot/wsgi.py in 7ms
[2022-12-12 11:28:52] [build-stdout] [INFO] [7] Extracted file /Users/glebtishchenko/dj-weatherbot/weatherbot/urls.py in 8ms
[2022-12-12 11:28:52] [build-stdout] [INFO] [10] Extracted file /Users/glebtishchenko/dj-weatherbot/manage.py in 9ms
[2022-12-12 11:28:52] [build-stdout] [INFO] [3] Extracted module sys in 1ms
[2022-12-12 11:28:52] [build-stdout] [INFO] [6] Extracted file /Users/glebtishchenko/dj-weatherbot/weatherbot/settings.py in 21ms
[2022-12-12 11:28:52] [build-stdout] [INFO] [8] Extracted file /Users/glebtishchenko/dj-weatherbot/fetchweather/views.py in 43ms
[2022-12-12 11:28:52] [build-stdout] [INFO] [4] Extracted folder /Applications/Xcode.app/Contents/Developer/Library/Frameworks/Python3.framework/Versions/3.9/lib/python3.9/json in 1ms
[2022-12-12 11:28:53] [build-stdout] [INFO] [5] Extracted file /Applications/Xcode.app/Contents/Developer/Library/Frameworks/Python3.framework/Versions/3.9/lib/python3.9/json/__init__.py in 70ms
[2022-12-12 11:28:53] [build-stdout] [INFO] [10] Extracted file /Applications/Xcode.app/Contents/Developer/Library/Frameworks/Python3.framework/Versions/3.9/lib/python3.9/json/decoder.py in 145ms
[2022-12-12 11:28:53] [build-stdout] [INFO] [8] Extracted module _json in 6ms
[2022-12-12 11:28:53] [build-stdout] [INFO] [6] Extracted file /Applications/Xcode.app/Contents/Developer/Library/Frameworks/Python3.framework/Versions/3.9/lib/python3.9/json/scanner.py in 62ms
[2022-12-12 11:28:53] [build-stdout] [INFO] [7] Extracted file /Applications/Xcode.app/Contents/Developer/Library/Frameworks/Python3.framework/Versions/3.9/lib/python3.9/json/encoder.py in 208ms
[2022-12-12 11:28:53] [build-stdout] [INFO] [3] Extracted file /Applications/Xcode.app/Contents/Developer/Library/Frameworks/Python3.framework/Versions/3.9/lib/python3.9/re.py in 115ms
[2022-12-12 11:28:53] [build-stdout] [INFO] [6] Extracted module _locale in 5ms
[2022-12-12 11:28:53] [build-stdout] [INFO] [1] Extracted file /Applications/Xcode.app/Contents/Developer/Library/Frameworks/Python3.framework/Versions/3.9/lib/python3.9/os.py in 389ms
[2022-12-12 11:28:53] [build-stdout] [INFO] [9] Extracted file /Applications/Xcode.app/Contents/Developer/Library/Frameworks/Python3.framework/Versions/3.9/lib/python3.9/codecs.py in 312ms
[2022-12-12 11:28:53] [build-stdout] [INFO] [10] Extracted file /Applications/Xcode.app/Contents/Developer/Library/Frameworks/Python3.framework/Versions/3.9/lib/python3.9/copyreg.py in 79ms
[2022-12-12 11:28:53] [build-stdout] [INFO] [6] Extracted file /Applications/Xcode.app/Contents/Developer/Library/Frameworks/Python3.framework/Versions/3.9/lib/python3.9/io.py in 48ms
[2022-12-12 11:28:53] [build-stdout] [INFO] [6] Extracted module posix in 13ms
[2022-12-12 11:28:53] [build-stdout] [INFO] [1] Extracted file /Applications/Xcode.app/Contents/Developer/Library/Frameworks/Python3.framework/Versions/3.9/lib/python3.9/stat.py in 70ms
[2022-12-12 11:28:53] [build-stdout] [INFO] [6] Extracted file /Applications/Xcode.app/Contents/Developer/Library/Frameworks/Python3.framework/Versions/3.9/lib/python3.9/posixpath.py in 213ms
[2022-12-12 11:28:53] [build-stdout] [INFO] [2] Extracted file /Applications/Xcode.app/Contents/Developer/Library/Frameworks/Python3.framework/Versions/3.9/lib/python3.9/pathlib.py in 656ms
[2022-12-12 11:28:53] [build-stdout] [INFO] [3] Extracted file /Applications/Xcode.app/Contents/Developer/Library/Frameworks/Python3.framework/Versions/3.9/lib/python3.9/warnings.py in 285ms
[2022-12-12 11:28:53] [build-stdout] [INFO] [2] Extracted module builtins in 2ms
[2022-12-12 11:28:53] [build-stdout] [INFO] [2] Extracted folder /Applications/Xcode.app/Contents/Developer/Library/Frameworks/Python3.framework/Versions/3.9/lib/python3.9/encodings in 1ms
[2022-12-12 11:28:53] [build-stdout] [INFO] [2] Extracted module _codecs in 4ms
[2022-12-12 11:28:53] [build-stdout] [INFO] [2] Extracted module _io in 16ms
[2022-12-12 11:28:53] [build-stdout] [INFO] [2] Extracted module _stat in 4ms
[2022-12-12 11:28:53] [build-stdout] [INFO] [2] Extracted module pwd in 9ms
[2022-12-12 11:28:53] [build-stdout] [INFO] [6] Extracted file /Applications/Xcode.app/Contents/Developer/Library/Frameworks/Python3.framework/Versions/3.9/lib/python3.9/abc.py in 67ms
[2022-12-12 11:28:53] [build-stdout] [INFO] [3] Extracted file /Applications/Xcode.app/Contents/Developer/Library/Frameworks/Python3.framework/Versions/3.9/lib/python3.9/encodings/__init__.py in 98ms
[2022-12-12 11:28:53] [build-stdout] [INFO] [4] Extracted file /Applications/Xcode.app/Contents/Developer/Library/Frameworks/Python3.framework/Versions/3.9/lib/python3.9/functools.py in 409ms
[2022-12-12 11:28:53] [build-stdout] [INFO] [2] Extracted file /Applications/Xcode.app/Contents/Developer/Library/Frameworks/Python3.framework/Versions/3.9/lib/python3.9/genericpath.py in 76ms
[2022-12-12 11:28:53] [build-stdout] [INFO] [3] Extracted module errno in 13ms
[2022-12-12 11:28:53] [build-stdout] [INFO] [7] Extracted file /Applications/Xcode.app/Contents/Developer/Library/Frameworks/Python3.framework/Versions/3.9/lib/python3.9/enum.py in 426ms
[2022-12-12 11:28:53] [build-stdout] [INFO] [7] Extracted folder /Applications/Xcode.app/Contents/Developer/Library/Frameworks/Python3.framework/Versions/3.9/lib/python3.9/urllib in 2ms
[2022-12-12 11:28:53] [build-stdout] [INFO] [2] Extracted file /Applications/Xcode.app/Contents/Developer/Library/Frameworks/Python3.framework/Versions/3.9/lib/python3.9/urllib/__init__.py in 10ms
[2022-12-12 11:28:53] [build-stdout] [INFO] [1] Extracted file /Applications/Xcode.app/Contents/Developer/Library/Frameworks/Python3.framework/Versions/3.9/lib/python3.9/ntpath.py in 338ms
[2022-12-12 11:28:53] [build-stdout] [INFO] [2] Extracted module _warnings in 5ms
[2022-12-12 11:28:53] [build-stdout] [INFO] [8] Extracted file /Applications/Xcode.app/Contents/Developer/Library/Frameworks/Python3.framework/Versions/3.9/lib/python3.9/sre_compile.py in 461ms
[2022-12-12 11:28:53] [build-stdout] [INFO] [8] Extracted module _abc in 6ms
[2022-12-12 11:28:53] [build-stdout] [INFO] [9] Extracted file /Applications/Xcode.app/Contents/Developer/Library/Frameworks/Python3.framework/Versions/3.9/lib/python3.9/_collections_abc.py in 430ms
[2022-12-12 11:28:53] [build-stdout] [INFO] [9] Extracted folder /Applications/Xcode.app/Contents/Developer/Library/Frameworks/Python3.framework/Versions/3.9/lib/python3.9/collections in 3ms
[2022-12-12 11:28:53] [build-stdout] [INFO] [9] Extracted module _thread in 5ms
[2022-12-12 11:28:53] [build-stdout] [INFO] [3] Extracted file /Applications/Xcode.app/Contents/Developer/Library/Frameworks/Python3.framework/Versions/3.9/lib/python3.9/fnmatch.py in 82ms
[2022-12-12 11:28:53] [build-stdout] [INFO] [2] Extracted file /Applications/Xcode.app/Contents/Developer/Library/Frameworks/Python3.framework/Versions/3.9/lib/python3.9/linecache.py in 70ms
[2022-12-12 11:28:53] [build-stdout] [INFO] [3] Extracted file /Applications/Xcode.app/Contents/Developer/Library/Frameworks/Python3.framework/Versions/3.9/lib/python3.9/encodings/mbcs.py in 19ms
[2022-12-12 11:28:53] [build-stdout] [INFO] [8] Extracted file /Applications/Xcode.app/Contents/Developer/Library/Frameworks/Python3.framework/Versions/3.9/lib/python3.9/_py_abc.py in 68ms
[2022-12-12 11:28:53] [build-stdout] [INFO] [6] Extracted file /Applications/Xcode.app/Contents/Developer/Library/Frameworks/Python3.framework/Versions/3.9/lib/python3.9/operator.py in 205ms
[2022-12-12 11:28:53] [build-stdout] [INFO] [6] Extracted module _functools in 8ms
[2022-12-12 11:28:53] [build-stdout] [INFO] [9] Extracted file /Applications/Xcode.app/Contents/Developer/Library/Frameworks/Python3.framework/Versions/3.9/lib/python3.9/encodings/aliases.py in 120ms
[2022-12-12 11:28:53] [build-stdout] [INFO] [3] Extracted file /Applications/Xcode.app/Contents/Developer/Library/Frameworks/Python3.framework/Versions/3.9/lib/python3.9/types.py in 127ms
[2022-12-12 11:28:54] [build-stdout] [INFO] [8] Extracted file /Applications/Xcode.app/Contents/Developer/Library/Frameworks/Python3.framework/Versions/3.9/lib/python3.9/encodings/cp437.py in 169ms
[2022-12-12 11:28:54] [build-stdout] [INFO] [1] Extracted file /Applications/Xcode.app/Contents/Developer/Library/Frameworks/Python3.framework/Versions/3.9/lib/python3.9/traceback.py in 276ms
[2022-12-12 11:28:54] [build-stdout] [INFO] [7] Extracted file /Applications/Xcode.app/Contents/Developer/Library/Frameworks/Python3.framework/Versions/3.9/lib/python3.9/tracemalloc.py in 290ms
[2022-12-12 11:28:54] [build-stdout] [INFO] [6] Extracted file /Applications/Xcode.app/Contents/Developer/Library/Frameworks/Python3.framework/Versions/3.9/lib/python3.9/reprlib.py in 134ms
[2022-12-12 11:28:54] [build-stdout] [INFO] [6] Extracted module _sre in 5ms
[2022-12-12 11:28:54] [build-stdout] [INFO] [6] Extracted module itertools in 9ms
[2022-12-12 11:28:54] [build-stdout] [INFO] [1] Extracted file /Applications/Xcode.app/Contents/Developer/Library/Frameworks/Python3.framework/Versions/3.9/lib/python3.9/sre_constants.py in 99ms
[2022-12-12 11:28:54] [build-stdout] [INFO] [1] Extracted module _operator in 8ms
[2022-12-12 11:28:54] [build-stdout] [INFO] [8] Extracted file /Applications/Xcode.app/Contents/Developer/Library/Frameworks/Python3.framework/Versions/3.9/lib/python3.9/string.py in 114ms
[2022-12-12 11:28:54] [build-stdout] [INFO] [1] Extracted module _tracemalloc in 6ms
[2022-12-12 11:28:54] [build-stdout] [INFO] [5] Extracted file /Applications/Xcode.app/Contents/Developer/Library/Frameworks/Python3.framework/Versions/3.9/lib/python3.9/sre_parse.py in 834ms
[2022-12-12 11:28:54] [build-stdout] [INFO] [5] Extracted module _string in 4ms
[2022-12-12 11:28:54] [build-stdout] [INFO] [5] Extracted module unicodedata in 4ms
[2022-12-12 11:28:54] [build-stdout] [INFO] [8] Extracted file /Applications/Xcode.app/Contents/Developer/Library/Frameworks/Python3.framework/Versions/3.9/lib/python3.9/collections/abc.py in 26ms
[2022-12-12 11:28:54] [build-stdout] [INFO] [4] Extracted file /Applications/Xcode.app/Contents/Developer/Library/Frameworks/Python3.framework/Versions/3.9/lib/python3.9/urllib/parse.py in 470ms
[2022-12-12 11:28:54] [build-stdout] [INFO] [6] Extracted file /Applications/Xcode.app/Contents/Developer/Library/Frameworks/Python3.framework/Versions/3.9/lib/python3.9/_weakrefset.py in 152ms
[2022-12-12 11:28:54] [build-stdout] [INFO] [5] Extracted module _weakref in 5ms
[2022-12-12 11:28:54] [build-stdout] [INFO] [9] Extracted file /Applications/Xcode.app/Contents/Developer/Library/Frameworks/Python3.framework/Versions/3.9/lib/python3.9/weakref.py in 324ms
[2022-12-12 11:28:54] [build-stdout] [INFO] [10] Extracted file /Applications/Xcode.app/Contents/Developer/Library/Frameworks/Python3.framework/Versions/3.9/lib/python3.9/subprocess.py in 872ms
[2022-12-12 11:28:54] [build-stdout] [INFO] [6] Extracted module _posixsubprocess in 9ms
[2022-12-12 11:28:54] [build-stdout] [INFO] [6] Extracted module grp in 22ms
[2022-12-12 11:28:54] [build-stdout] [INFO] [4] Extracted module time in 26ms
[2022-12-12 11:28:54] [build-stdout] [INFO] [4] Extracted module select in 10ms
[2022-12-12 11:28:54] [build-stdout] [INFO] [9] Extracted file /Applications/Xcode.app/Contents/Developer/Library/Frameworks/Python3.framework/Versions/3.9/lib/python3.9/signal.py in 86ms
[2022-12-12 11:28:54] [build-stdout] [INFO] [6] Extracted module _signal in 5ms
[2022-12-12 11:28:54] [build-stdout] [INFO] [7] Extracted file /Applications/Xcode.app/Contents/Developer/Library/Frameworks/Python3.framework/Versions/3.9/lib/python3.9/tokenize.py in 340ms
[2022-12-12 11:28:54] [build-stdout] [INFO] [9] Extracted file /Applications/Xcode.app/Contents/Developer/Library/Frameworks/Python3.framework/Versions/3.9/lib/python3.9/token.py in 59ms
[2022-12-12 11:28:54] [build-stdout] [INFO] [8] Extracted file /Applications/Xcode.app/Contents/Developer/Library/Frameworks/Python3.framework/Versions/3.9/lib/python3.9/contextlib.py in 212ms
[2022-12-12 11:28:54] [build-stdout] [INFO] [5] Extracted file /Applications/Xcode.app/Contents/Developer/Library/Frameworks/Python3.framework/Versions/3.9/lib/python3.9/selectors.py in 232ms
[2022-12-12 11:28:54] [build-stdout] [INFO] [6] Extracted module math in 5ms
[2022-12-12 11:28:54] [build-stdout] [INFO] [3] Extracted file /Applications/Xcode.app/Contents/Developer/Library/Frameworks/Python3.framework/Versions/3.9/lib/python3.9/collections/__init__.py in 634ms
[2022-12-12 11:28:54] [build-stdout] [INFO] [2] Extracted file /Applications/Xcode.app/Contents/Developer/Library/Frameworks/Python3.framework/Versions/3.9/lib/python3.9/typing.py in 783ms
[2022-12-12 11:28:54] [build-stdout] [INFO] [9] Extracted module _collections in 7ms
[2022-12-12 11:28:54] [build-stdout] [INFO] [8] Extracted file /Applications/Xcode.app/Contents/Developer/Library/Frameworks/Python3.framework/Versions/3.9/lib/python3.9/keyword.py in 17ms
[2022-12-12 11:28:54] [build-stdout] [INFO] [10] Extracted file /Applications/Xcode.app/Contents/Developer/Library/Frameworks/Python3.framework/Versions/3.9/lib/python3.9/threading.py in 396ms
[2022-12-12 11:28:54] [build-stdout] [INFO] [5] Extracted file /Applications/Xcode.app/Contents/Developer/Library/Frameworks/Python3.framework/Versions/3.9/lib/python3.9/_threading_local.py in 46ms
[2022-12-12 11:28:54] [build-stdout] [INFO] [7] Extracted file /Applications/Xcode.app/Contents/Developer/Library/Frameworks/Python3.framework/Versions/3.9/lib/python3.9/heapq.py in 163ms
[2022-12-12 11:28:54] [build-stdout] [INFO] [3] Extracted module _heapq in 4ms
[2022-12-12 11:28:54] [build-stdout] [INFO] [1] Extracted file /Applications/Xcode.app/Contents/Developer/Library/Frameworks/Python3.framework/Versions/3.9/lib/python3.9/pickle.py in 809ms
[2022-12-12 11:28:54] [build-stdout] [INFO] [10] Extracted module _pickle in 5ms
[2022-12-12 11:28:54] [build-stdout] [INFO] [2] Extracted file /Applications/Xcode.app/Contents/Developer/Library/Frameworks/Python3.framework/Versions/3.9/lib/python3.9/struct.py in 8ms
[2022-12-12 11:28:54] [build-stdout] [INFO] [5] Extracted module _struct in 4ms
[2022-12-12 11:28:55] [build-stdout] [INFO] [9] Extracted file /Applications/Xcode.app/Contents/Developer/Library/Frameworks/Python3.framework/Versions/3.9/lib/python3.9/_compat_pickle.py in 88ms
[2022-12-12 11:28:55] [build-stdout] [INFO] [8] Extracted file /Applications/Xcode.app/Contents/Developer/Library/Frameworks/Python3.framework/Versions/3.9/lib/python3.9/pprint.py in 327ms
[2022-12-12 11:28:55] [build-stdout] [INFO] [4] Extracted file /Applications/Xcode.app/Contents/Developer/Library/Frameworks/Python3.framework/Versions/3.9/lib/python3.9/argparse.py in 989ms
[2022-12-12 11:28:55] [build-stdout] [INFO] [7] Extracted file /Applications/Xcode.app/Contents/Developer/Library/Frameworks/Python3.framework/Versions/3.9/lib/python3.9/copy.py in 128ms
[2022-12-12 11:28:55] [build-stdout] [INFO] [6] Extracted file /Applications/Xcode.app/Contents/Developer/Library/Frameworks/Python3.framework/Versions/3.9/lib/python3.9/doctest.py in 755ms
[2022-12-12 11:28:55] [build-stdout] [INFO] [1] Extracted folder /Applications/Xcode.app/Contents/Developer/Library/Frameworks/Python3.framework/Versions/3.9/lib/python3.9/unittest in 1ms
[2022-12-12 11:28:55] [build-stdout] [INFO] [9] Extracted file /Applications/Xcode.app/Contents/Developer/Library/Frameworks/Python3.framework/Versions/3.9/lib/python3.9/unittest/__init__.py in 24ms
[2022-12-12 11:28:55] [build-stdout] [INFO] [10] Extracted file /Applications/Xcode.app/Contents/Developer/Library/Frameworks/Python3.framework/Versions/3.9/lib/python3.9/__future__.py in 37ms
[2022-12-12 11:28:55] [build-stdout] [INFO] [1] Extracted file /Applications/Xcode.app/Contents/Developer/Library/Frameworks/Python3.framework/Versions/3.9/lib/python3.9/unittest/async_case.py in 73ms
[2022-12-12 11:28:55] [build-stdout] [INFO] [6] Extracted file /Applications/Xcode.app/Contents/Developer/Library/Frameworks/Python3.framework/Versions/3.9/lib/python3.9/unittest/result.py in 110ms
[2022-12-12 11:28:55] [build-stdout] [INFO] [4] Extracted file /Applications/Xcode.app/Contents/Developer/Library/Frameworks/Python3.framework/Versions/3.9/lib/python3.9/unittest/runner.py in 130ms
[2022-12-12 11:28:55] [build-stdout] [INFO] [3] Extracted file /Applications/Xcode.app/Contents/Developer/Library/Frameworks/Python3.framework/Versions/3.9/lib/python3.9/gettext.py in 319ms
[2022-12-12 11:28:55] [build-stdout] [INFO] [6] Extracted file /Applications/Xcode.app/Contents/Developer/Library/Frameworks/Python3.framework/Versions/3.9/lib/python3.9/unittest/signals.py in 38ms
[2022-12-12 11:28:55] [build-stdout] [INFO] [3] Extracted folder /Applications/Xcode.app/Contents/Developer/Library/Frameworks/Python3.framework/Versions/3.9/lib/python3.9/asyncio in 2ms
[2022-12-12 11:28:55] [build-stdout] [INFO] [4] Extracted file /Applications/Xcode.app/Contents/Developer/Library/Frameworks/Python3.framework/Versions/3.9/lib/python3.9/asyncio/__init__.py in 21ms
[2022-12-12 11:28:55] [build-stdout] [INFO] [10] Extracted file /Applications/Xcode.app/Contents/Developer/Library/Frameworks/Python3.framework/Versions/3.9/lib/python3.9/unittest/main.py in 142ms
[2022-12-12 11:28:55] [build-stdout] [INFO] [4] Extracted file /Applications/Xcode.app/Contents/Developer/Library/Frameworks/Python3.framework/Versions/3.9/lib/python3.9/asyncio/threads.py in 15ms
[2022-12-12 11:28:55] [build-stdout] [INFO] [9] Extracted file /Applications/Xcode.app/Contents/Developer/Library/Frameworks/Python3.framework/Versions/3.9/lib/python3.9/unittest/suite.py in 167ms
[2022-12-12 11:28:55] [build-stdout] [INFO] [3] Extracted file /Applications/Xcode.app/Contents/Developer/Library/Frameworks/Python3.framework/Versions/3.9/lib/python3.9/unittest/util.py in 92ms
[2022-12-12 11:28:55] [build-stdout] [INFO] [3] Extracted file /Applications/Xcode.app/Contents/Developer/Library/Frameworks/Python3.framework/Versions/3.9/lib/python3.9/asyncio/protocols.py in 41ms
[2022-12-12 11:28:55] [build-stdout] [INFO] [7] Extracted file /Applications/Xcode.app/Contents/Developer/Library/Frameworks/Python3.framework/Versions/3.9/lib/python3.9/unittest/loader.py in 284ms
[2022-12-12 11:28:55] [build-stdout] [INFO] [9] Extracted file /Applications/Xcode.app/Contents/Developer/Library/Frameworks/Python3.framework/Versions/3.9/lib/python3.9/asyncio/locks.py in 146ms
[2022-12-12 11:28:55] [build-stdout] [INFO] [4] Extracted file /Applications/Xcode.app/Contents/Developer/Library/Frameworks/Python3.framework/Versions/3.9/lib/python3.9/asyncio/futures.py in 163ms
[2022-12-12 11:28:55] [build-stdout] [INFO] [9] Extracted file /Applications/Xcode.app/Contents/Developer/Library/Frameworks/Python3.framework/Versions/3.9/lib/python3.9/asyncio/runners.py in 55ms
[2022-12-12 11:28:56] [build-stdout] [INFO] [7] Extracted file /Applications/Xcode.app/Contents/Developer/Library/Frameworks/Python3.framework/Versions/3.9/lib/python3.9/asyncio/subprocess.py in 155ms
[2022-12-12 11:28:56] [build-stdout] [INFO] [3] Extracted file /Applications/Xcode.app/Contents/Developer/Library/Frameworks/Python3.framework/Versions/3.9/lib/python3.9/asyncio/streams.py in 271ms
[2022-12-12 11:28:56] [build-stdout] [INFO] [7] Extracted file /Applications/Xcode.app/Contents/Developer/Library/Frameworks/Python3.framework/Versions/3.9/lib/python3.9/asyncio/transports.py in 116ms
[2022-12-12 11:28:56] [build-stdout] [INFO] [4] Extracted file /Applications/Xcode.app/Contents/Developer/Library/Frameworks/Python3.framework/Versions/3.9/lib/python3.9/asyncio/events.py in 274ms
[2022-12-12 11:28:56] [build-stdout] [INFO] [4] Extracted file /Applications/Xcode.app/Contents/Developer/Library/Frameworks/Python3.framework/Versions/3.9/lib/python3.9/asyncio/exceptions.py in 19ms
[2022-12-12 11:28:56] [build-stdout] [INFO] [2] Extracted file /Applications/Xcode.app/Contents/Developer/Library/Frameworks/Python3.framework/Versions/3.9/lib/python3.9/difflib.py in 723ms
[2022-12-12 11:28:56] [build-stdout] [INFO] [9] Extracted file /Applications/Xcode.app/Contents/Developer/Library/Frameworks/Python3.framework/Versions/3.9/lib/python3.9/asyncio/tasks.py in 350ms
[2022-12-12 11:28:56] [build-stdout] [INFO] [9] Extracted file /Applications/Xcode.app/Contents/Developer/Library/Frameworks/Python3.framework/Versions/3.9/lib/python3.9/contextvars.py in 12ms
[2022-12-12 11:28:56] [build-stdout] [INFO] [9] Extracted file /Applications/Xcode.app/Contents/Developer/Library/Frameworks/Python3.framework/Versions/3.9/lib/python3.9/concurrent/__init__.py in 7ms
[2022-12-12 11:28:56] [build-stdout] [INFO] [5] Extracted file /Applications/Xcode.app/Contents/Developer/Library/Frameworks/Python3.framework/Versions/3.9/lib/python3.9/pdb.py in 772ms
[2022-12-12 11:28:56] [build-stdout] [INFO] [5] Extracted file /Applications/Xcode.app/Contents/Developer/Library/Frameworks/Python3.framework/Versions/3.9/lib/python3.9/concurrent/futures/__init__.py in 22ms
[2022-12-12 11:28:56] [build-stdout] [INFO] [5] Extracted folder /Applications/Xcode.app/Contents/Developer/Library/Frameworks/Python3.framework/Versions/3.9/lib/python3.9/concurrent in 4ms
[2022-12-12 11:28:56] [build-stdout] [INFO] [4] Extracted file /Applications/Xcode.app/Contents/Developer/Library/Frameworks/Python3.framework/Versions/3.9/lib/python3.9/asyncio/coroutines.py in 160ms
[2022-12-12 11:28:56] [build-stdout] [INFO] [2] Extracted file /Applications/Xcode.app/Contents/Developer/Library/Frameworks/Python3.framework/Versions/3.9/lib/python3.9/asyncio/queues.py in 93ms
[2022-12-12 11:28:56] [build-stdout] [INFO] [5] Extracted file /Applications/Xcode.app/Contents/Developer/Library/Frameworks/Python3.framework/Versions/3.9/lib/python3.9/asyncio/base_futures.py in 46ms
[2022-12-12 11:28:56] [build-stdout] [INFO] [5] Extracted folder /Applications/Xcode.app/Contents/Developer/Library/Frameworks/Python3.framework/Versions/3.9/lib/python3.9/logging in 2ms
[2022-12-12 11:28:56] [build-stdout] [INFO] [6] Extracted file /Applications/Xcode.app/Contents/Developer/Library/Frameworks/Python3.framework/Versions/3.9/lib/python3.9/locale.py in 674ms
[2022-12-12 11:28:56] [build-stdout] [INFO] [5] Extracted folder /Applications/Xcode.app/Contents/Developer/Library/Frameworks/Python3.framework/Versions/3.9/lib/python3.9/concurrent/futures in 2ms
[2022-12-12 11:28:56] [build-stdout] [INFO] [6] Extracted file /Applications/Xcode.app/Contents/Developer/Library/Frameworks/Python3.framework/Versions/3.9/lib/python3.9/asyncio/log.py in 5ms
[2022-12-12 11:28:56] [build-stdout] [INFO] [2] Extracted module _asyncio in 44ms
[2022-12-12 11:28:56] [build-stdout] [INFO] [4] Extracted file /Applications/Xcode.app/Contents/Developer/Library/Frameworks/Python3.framework/Versions/3.9/lib/python3.9/asyncio/format_helpers.py in 49ms
[2022-12-12 11:28:56] [build-stdout] [INFO] [4] Extracted module _contextvars in 17ms
[2022-12-12 11:28:56] [build-stdout] [INFO] [1] Extracted file /Applications/Xcode.app/Contents/Developer/Library/Frameworks/Python3.framework/Versions/3.9/lib/python3.9/unittest/case.py in 789ms
[2022-12-12 11:28:56] [build-stdout] [INFO] [6] Extracted file /Applications/Xcode.app/Contents/Developer/Library/Frameworks/Python3.framework/Versions/3.9/lib/python3.9/asyncio/base_tasks.py in 48ms
[2022-12-12 11:28:56] [build-stdout] [INFO] [6] Extracted file /Applications/Xcode.app/Contents/Developer/Library/Frameworks/Python3.framework/Versions/3.9/lib/python3.9/glob.py in 99ms
[2022-12-12 11:28:56] [build-stdout] [INFO] [1] Extracted file /Applications/Xcode.app/Contents/Developer/Library/Frameworks/Python3.framework/Versions/3.9/lib/python3.9/code.py in 93ms
[2022-12-12 11:28:56] [build-stdout] [INFO] [3] Extracted file /Applications/Xcode.app/Contents/Developer/Library/Frameworks/Python3.framework/Versions/3.9/lib/python3.9/asyncio/windows_events.py in 483ms
[2022-12-12 11:28:56] [build-stdout] [INFO] [4] Extracted file /Applications/Xcode.app/Contents/Developer/Library/Frameworks/Python3.framework/Versions/3.9/lib/python3.9/dis.py in 283ms
[2022-12-12 11:28:56] [build-stdout] [INFO] [1] Extracted file /Applications/Xcode.app/Contents/Developer/Library/Frameworks/Python3.framework/Versions/3.9/lib/python3.9/getopt.py in 179ms
[2022-12-12 11:28:56] [build-stdout] [INFO] [8] Extracted file /Applications/Xcode.app/Contents/Developer/Library/Frameworks/Python3.framework/Versions/3.9/lib/python3.9/inspect.py in 1256ms
[2022-12-12 11:28:56] [build-stdout] [INFO] [5] Extracted file /Applications/Xcode.app/Contents/Developer/Library/Frameworks/Python3.framework/Versions/3.9/lib/python3.9/socket.py in 424ms
[2022-12-12 11:28:56] [build-stdout] [INFO] [10] Extracted file /Applications/Xcode.app/Contents/Developer/Library/Frameworks/Python3.framework/Versions/3.9/lib/python3.9/asyncio/base_events.py in 1118ms
[2022-12-12 11:28:56] [build-stdout] [INFO] [5] Extracted file /Applications/Xcode.app/Contents/Developer/Library/Frameworks/Python3.framework/Versions/3.9/lib/python3.9/asyncio/constants.py in 40ms
[2022-12-12 11:28:56] [build-stdout] [INFO] [10] Extracted file /Applications/Xcode.app/Contents/Developer/Library/Frameworks/Python3.framework/Versions/3.9/lib/python3.9/_bootlocale.py in 32ms
[2022-12-12 11:28:56] [build-stdout] [INFO] [7] Extracted file /Applications/Xcode.app/Contents/Developer/Library/Frameworks/Python3.framework/Versions/3.9/lib/python3.9/asyncio/unix_events.py in 764ms
[2022-12-12 11:28:56] [build-stdout] [INFO] [3] Extracted file /Applications/Xcode.app/Contents/Developer/Library/Frameworks/Python3.framework/Versions/3.9/lib/python3.9/cmd.py in 261ms
[2022-12-12 11:28:56] [build-stdout] [INFO] [6] Extracted file /Applications/Xcode.app/Contents/Developer/Library/Frameworks/Python3.framework/Versions/3.9/lib/python3.9/bdb.py in 353ms
[2022-12-12 11:28:56] [build-stdout] [INFO] [3] Extracted module readline in 39ms
[2022-12-12 11:28:56] [build-stdout] [INFO] [5] Extracted file /Applications/Xcode.app/Contents/Developer/Library/Frameworks/Python3.framework/Versions/3.9/lib/python3.9/codeop.py in 43ms
[2022-12-12 11:28:56] [build-stdout] [INFO] [8] Extracted file /Applications/Xcode.app/Contents/Developer/Library/Frameworks/Python3.framework/Versions/3.9/lib/python3.9/concurrent/futures/thread.py in 127ms
[2022-12-12 11:28:56] [build-stdout] [INFO] [8] Extracted folder /Applications/Xcode.app/Contents/Developer/Library/Frameworks/Python3.framework/Versions/3.9/lib/python3.9/importlib in 2ms
[2022-12-12 11:28:56] [build-stdout] [INFO] [1] Extracted file /Applications/Xcode.app/Contents/Developer/Library/Frameworks/Python3.framework/Versions/3.9/lib/python3.9/concurrent/futures/_base.py in 227ms
[2022-12-12 11:28:56] [build-stdout] [INFO] [8] Extracted file /Applications/Xcode.app/Contents/Developer/Library/Frameworks/Python3.framework/Versions/3.9/lib/python3.9/importlib/machinery.py in 9ms
[2022-12-12 11:28:56] [build-stdout] [INFO] [10] Extracted file /Applications/Xcode.app/Contents/Developer/Library/Frameworks/Python3.framework/Versions/3.9/lib/python3.9/asyncio/windows_utils.py in 88ms
[2022-12-12 11:28:56] [build-stdout] [INFO] [10] Extracted module _socket in 7ms
[2022-12-12 11:28:56] [build-stdout] [INFO] [10] Extracted module array in 4ms
[2022-12-12 11:28:56] [build-stdout] [INFO] [4] Extracted file /Applications/Xcode.app/Contents/Developer/Library/Frameworks/Python3.framework/Versions/3.9/lib/python3.9/concurrent/futures/process.py in 289ms
[2022-12-12 11:28:56] [build-stdout] [INFO] [1] Extracted file /Applications/Xcode.app/Contents/Developer/Library/Frameworks/Python3.framework/Versions/3.9/lib/python3.9/importlib/__init__.py in 64ms
[2022-12-12 11:28:56] [build-stdout] [INFO] [5] Extracted file /Applications/Xcode.app/Contents/Developer/Library/Frameworks/Python3.framework/Versions/3.9/lib/python3.9/opcode.py in 100ms
[2022-12-12 11:28:57] [build-stdout] [INFO] [1] Extracted file /Applications/Xcode.app/Contents/Developer/Library/Frameworks/Python3.framework/Versions/3.9/lib/python3.9/asyncio/staggered.py in 44ms
[2022-12-12 11:28:57] [build-stdout] [INFO] [9] Extracted file /Applications/Xcode.app/Contents/Developer/Library/Frameworks/Python3.framework/Versions/3.9/lib/python3.9/logging/__init__.py in 738ms
[2022-12-12 11:28:57] [build-stdout] [INFO] [7] Extracted file /Applications/Xcode.app/Contents/Developer/Library/Frameworks/Python3.framework/Versions/3.9/lib/python3.9/asyncio/base_subprocess.py in 176ms
[2022-12-12 11:28:57] [build-stdout] [INFO] [10] Extracted file /Applications/Xcode.app/Contents/Developer/Library/Frameworks/Python3.framework/Versions/3.9/lib/python3.9/asyncio/trsock.py in 129ms
[2022-12-12 11:28:57] [build-stdout] [INFO] [10] Extracted module _imp in 4ms
[2022-12-12 11:28:57] [build-stdout] [INFO] [1] Extracted file /Applications/Xcode.app/Contents/Developer/Library/Frameworks/Python3.framework/Versions/3.9/lib/python3.9/queue.py in 98ms
[2022-12-12 11:28:57] [build-stdout] [INFO] [5] Extracted file /Applications/Xcode.app/Contents/Developer/Library/Frameworks/Python3.framework/Versions/3.9/lib/python3.9/asyncio/sslproto.py in 270ms
[2022-12-12 11:28:57] [build-stdout] [INFO] [5] Extracted folder /Applications/Xcode.app/Contents/Developer/Library/Frameworks/Python3.framework/Versions/3.9/lib/python3.9/multiprocessing in 1ms
[2022-12-12 11:28:57] [build-stdout] [INFO] [6] Extracted file /Applications/Xcode.app/Contents/Developer/Library/Frameworks/Python3.framework/Versions/3.9/lib/python3.9/asyncio/proactor_events.py in 416ms
[2022-12-12 11:28:57] [build-stdout] [INFO] [6] Extracted file /Applications/Xcode.app/Contents/Developer/Library/Frameworks/Python3.framework/Versions/3.9/lib/python3.9/multiprocessing/__init__.py in 29ms
[2022-12-12 11:28:57] [build-stdout] [INFO] [6] Extracted module _opcode in 8ms
[2022-12-12 11:28:57] [build-stdout] [INFO] [6] Extracted module atexit in 15ms
[2022-12-12 11:28:57] [build-stdout] [INFO] [6] Extracted module _queue in 11ms
[2022-12-12 11:28:57] [build-stdout] [INFO] [3] Extracted file /Applications/Xcode.app/Contents/Developer/Library/Frameworks/Python3.framework/Versions/3.9/lib/python3.9/asyncio/selector_events.py in 530ms
[2022-12-12 11:28:57] [build-stdout] [INFO] [10] Extracted file /Applications/Xcode.app/Contents/Developer/Library/Frameworks/Python3.framework/Versions/3.9/lib/python3.9/tempfile.py in 380ms
[2022-12-12 11:28:57] [build-stdout] [INFO] [5] Extracted file /Applications/Xcode.app/Contents/Developer/Library/Frameworks/Python3.framework/Versions/3.9/lib/python3.9/multiprocessing/queues.py in 239ms
[2022-12-12 11:28:57] [build-stdout] [INFO] [6] Extracted file /Applications/Xcode.app/Contents/Developer/Library/Frameworks/Python3.framework/Versions/3.9/lib/python3.9/multiprocessing/context.py in 150ms
[2022-12-12 11:28:57] [build-stdout] [INFO] [6] Extracted module _multiprocessing in 15ms
[2022-12-12 11:28:57] [build-stdout] [INFO] [9] Extracted file /Applications/Xcode.app/Contents/Developer/Library/Frameworks/Python3.framework/Versions/3.9/lib/python3.9/importlib/_bootstrap.py in 502ms
[2022-12-12 11:28:57] [build-stdout] [INFO] [4] Extracted file /Applications/Xcode.app/Contents/Developer/Library/Frameworks/Python3.framework/Versions/3.9/lib/python3.9/ssl.py in 658ms
[2022-12-12 11:28:57] [build-stdout] [INFO] [4] Extracted module _ssl in 29ms
[2022-12-12 11:28:57] [build-stdout] [INFO] [1] Extracted file /Applications/Xcode.app/Contents/Developer/Library/Frameworks/Python3.framework/Versions/3.9/lib/python3.9/multiprocessing/connection.py in 545ms
[2022-12-12 11:28:57] [build-stdout] [INFO] [6] Extracted file /Applications/Xcode.app/Contents/Developer/Library/Frameworks/Python3.framework/Versions/3.9/lib/python3.9/multiprocessing/reduction.py in 162ms
[2022-12-12 11:28:57] [build-stdout] [INFO] [9] Extracted file /Applications/Xcode.app/Contents/Developer/Library/Frameworks/Python3.framework/Versions/3.9/lib/python3.9/multiprocessing/process.py in 179ms
[2022-12-12 11:28:57] [build-stdout] [INFO] [7] Extracted file /Applications/Xcode.app/Contents/Developer/Library/Frameworks/Python3.framework/Versions/3.9/lib/python3.9/importlib/_bootstrap_external.py in 641ms
[2022-12-12 11:28:57] [build-stdout] [INFO] [9] Extracted file /Applications/Xcode.app/Contents/Developer/Library/Frameworks/Python3.framework/Versions/3.9/lib/python3.9/xmlrpc/__init__.py in 7ms
[2022-12-12 11:28:57] [build-stdout] [INFO] [9] Extracted folder /Applications/Xcode.app/Contents/Developer/Library/Frameworks/Python3.framework/Versions/3.9/lib/python3.9/xmlrpc in 0ms
[2022-12-12 11:28:57] [build-stdout] [INFO] [5] Extracted file /Applications/Xcode.app/Contents/Developer/Library/Frameworks/Python3.framework/Versions/3.9/lib/python3.9/multiprocessing/util.py in 240ms
[2022-12-12 11:28:57] [build-stdout] [INFO] [5] Extracted module marshal in 3ms
[2022-12-12 11:28:57] [build-stdout] [INFO] [8] Extracted file /Applications/Xcode.app/Contents/Developer/Library/Frameworks/Python3.framework/Versions/3.9/lib/python3.9/ast.py in 847ms
[2022-12-12 11:28:57] [build-stdout] [INFO] [6] Extracted file /Applications/Xcode.app/Contents/Developer/Library/Frameworks/Python3.framework/Versions/3.9/lib/python3.9/hmac.py in 117ms
[2022-12-12 11:28:57] [build-stdout] [INFO] [10] Extracted file /Applications/Xcode.app/Contents/Developer/Library/Frameworks/Python3.framework/Versions/3.9/lib/python3.9/random.py in 336ms
[2022-12-12 11:28:57] [build-stdout] [INFO] [7] Extracted file /Applications/Xcode.app/Contents/Developer/Library/Frameworks/Python3.framework/Versions/3.9/lib/python3.9/multiprocessing/resource_sharer.py in 115ms
[2022-12-12 11:28:57] [build-stdout] [INFO] [10] Extracted module _random in 3ms
[2022-12-12 11:28:57] [build-stdout] [INFO] [6] Extracted module _hashlib in 8ms
[2022-12-12 11:28:57] [build-stdout] [INFO] [7] Extracted module _ast in 18ms
[2022-12-12 11:28:57] [build-stdout] [INFO] [6] Extracted module _sha512 in 5ms
[2022-12-12 11:28:57] [build-stdout] [INFO] [7] Extracted file /Applications/Xcode.app/Contents/Developer/Library/Frameworks/Python3.framework/Versions/3.9/lib/python3.9/bisect.py in 27ms
[2022-12-12 11:28:57] [build-stdout] [INFO] [5] Extracted file /Applications/Xcode.app/Contents/Developer/Library/Frameworks/Python3.framework/Versions/3.9/lib/python3.9/multiprocessing/resource_tracker.py in 135ms
[2022-12-12 11:28:57] [build-stdout] [INFO] [4] Extracted file /Applications/Xcode.app/Contents/Developer/Library/Frameworks/Python3.framework/Versions/3.9/lib/python3.9/base64.py in 245ms
[2022-12-12 11:28:57] [build-stdout] [INFO] [8] Extracted file /Applications/Xcode.app/Contents/Developer/Library/Frameworks/Python3.framework/Versions/3.9/lib/python3.9/multiprocessing/forkserver.py in 162ms
[2022-12-12 11:28:57] [build-stdout] [INFO] [10] Extracted file /Applications/Xcode.app/Contents/Developer/Library/Frameworks/Python3.framework/Versions/3.9/lib/python3.9/hashlib.py in 130ms
[2022-12-12 11:28:57] [build-stdout] [INFO] [5] Extracted module binascii in 5ms
[2022-12-12 11:28:57] [build-stdout] [INFO] [4] Extracted module _posixshmem in 5ms
[2022-12-12 11:28:58] [build-stdout] [INFO] [8] Extracted module _bisect in 4ms
[2022-12-12 11:28:58] [build-stdout] [INFO] [7] Extracted file /Applications/Xcode.app/Contents/Developer/Library/Frameworks/Python3.framework/Versions/3.9/lib/python3.9/multiprocessing/spawn.py in 119ms
[2022-12-12 11:28:58] [build-stdout] [INFO] [10] Extracted module _sha256 in 32ms
[2022-12-12 11:28:58] [build-stdout] [INFO] [5] Extracted module _blake2 in 4ms
[2022-12-12 11:28:58] [build-stdout] [INFO] [8] Extracted module _sha3 in 9ms
[2022-12-12 11:28:58] [build-stdout] [INFO] [4] Extracted module _md5 in 19ms
[2022-12-12 11:28:58] [build-stdout] [INFO] [7] Extracted module _sha1 in 19ms
[2022-12-12 11:28:58] [build-stdout] [INFO] [1] Extracted file /Applications/Xcode.app/Contents/Developer/Library/Frameworks/Python3.framework/Versions/3.9/lib/python3.9/calendar.py in 395ms
[2022-12-12 11:28:58] [build-stdout] [INFO] [3] Extracted file /Applications/Xcode.app/Contents/Developer/Library/Frameworks/Python3.framework/Versions/3.9/lib/python3.9/shutil.py in 633ms
[2022-12-12 11:28:58] [build-stdout] [INFO] [8] Extracted module zlib in 4ms
[2022-12-12 11:28:58] [build-stdout] [INFO] [2] Extracted file /Applications/Xcode.app/Contents/Developer/Library/Frameworks/Python3.framework/Versions/3.9/lib/python3.9/pydoc.py in 1758ms
[2022-12-12 11:28:58] [build-stdout] [INFO] [10] Extracted file /Applications/Xcode.app/Contents/Developer/Library/Frameworks/Python3.framework/Versions/3.9/lib/python3.9/runpy.py in 122ms
[2022-12-12 11:28:58] [build-stdout] [INFO] [6] Extracted file /Applications/Xcode.app/Contents/Developer/Library/Frameworks/Python3.framework/Versions/3.9/lib/python3.9/statistics.py in 320ms
[2022-12-12 11:28:58] [build-stdout] [INFO] [1] Extracted file /Applications/Xcode.app/Contents/Developer/Library/Frameworks/Python3.framework/Versions/3.9/lib/python3.9/bz2.py in 113ms
[2022-12-12 11:28:58] [build-stdout] [INFO] [3] Extracted file /Applications/Xcode.app/Contents/Developer/Library/Frameworks/Python3.framework/Versions/3.9/lib/python3.9/lzma.py in 126ms
[2022-12-12 11:28:58] [build-stdout] [INFO] [9] Extracted file /Applications/Xcode.app/Contents/Developer/Library/Frameworks/Python3.framework/Versions/3.9/lib/python3.9/xmlrpc/client.py in 527ms
[2022-12-12 11:28:58] [build-stdout] [INFO] [10] Extracted file /Applications/Xcode.app/Contents/Developer/Library/Frameworks/Python3.framework/Versions/3.9/lib/python3.9/http/__init__.py in 78ms
[2022-12-12 11:28:58] [build-stdout] [INFO] [1] Extracted file /Applications/Xcode.app/Contents/Developer/Library/Frameworks/Python3.framework/Versions/3.9/lib/python3.9/tty.py in 62ms
[2022-12-12 11:28:58] [build-stdout] [INFO] [1] Extracted folder /Applications/Xcode.app/Contents/Developer/Library/Frameworks/Python3.framework/Versions/3.9/lib/python3.9/email in 6ms
[2022-12-12 11:28:58] [build-stdout] [INFO] [9] Extracted file /Applications/Xcode.app/Contents/Developer/Library/Frameworks/Python3.framework/Versions/3.9/lib/python3.9/email/__init__.py in 32ms
[2022-12-12 11:28:58] [build-stdout] [INFO] [9] Extracted folder /Applications/Xcode.app/Contents/Developer/Library/Frameworks/Python3.framework/Versions/3.9/lib/python3.9/http in 1ms
[2022-12-12 11:28:58] [build-stdout] [INFO] [6] Extracted file /Applications/Xcode.app/Contents/Developer/Library/Frameworks/Python3.framework/Versions/3.9/lib/python3.9/importlib/util.py in 114ms
[2022-12-12 11:28:58] [build-stdout] [INFO] [6] Extracted file /Applications/Xcode.app/Contents/Developer/Library/Frameworks/Python3.framework/Versions/3.9/lib/python3.9/decimal.py in 43ms
[2022-12-12 11:28:58] [build-stdout] [INFO] [6] Extracted module _statistics in 35ms
[2022-12-12 11:28:58] [build-stdout] [INFO] [2] Extracted file /Applications/Xcode.app/Contents/Developer/Library/Frameworks/Python3.framework/Versions/3.9/lib/python3.9/pkgutil.py in 289ms
[2022-12-12 11:28:58] [build-stdout] [INFO] [6] Extracted file /Applications/Xcode.app/Contents/Developer/Library/Frameworks/Python3.framework/Versions/3.9/lib/python3.9/numbers.py in 109ms
[2022-12-12 11:28:58] [build-stdout] [INFO] [9] Extracted file /Applications/Xcode.app/Contents/Developer/Library/Frameworks/Python3.framework/Versions/3.9/lib/python3.9/webbrowser.py in 348ms
[2022-12-12 11:28:58] [build-stdout] [INFO] [6] Extracted file /Applications/Xcode.app/Contents/Developer/Library/Frameworks/Python3.framework/Versions/3.9/lib/python3.9/_compression.py in 110ms
[2022-12-12 11:28:58] [build-stdout] [INFO] [6] Extracted module _bz2 in 5ms
[2022-12-12 11:28:58] [build-stdout] [INFO] [9] Extracted module _lzma in 4ms
[2022-12-12 11:28:58] [build-stdout] [INFO] [6] Extracted folder /Applications/Xcode.app/Contents/Developer/Library/Frameworks/Python3.framework/Versions/3.9/lib/python3.9/xml/parsers in 2ms
[2022-12-12 11:28:58] [build-stdout] [INFO] [9] Extracted file /Applications/Xcode.app/Contents/Developer/Library/Frameworks/Python3.framework/Versions/3.9/lib/python3.9/xml/__init__.py in 11ms
[2022-12-12 11:28:58] [build-stdout] [INFO] [9] Extracted folder /Applications/Xcode.app/Contents/Developer/Library/Frameworks/Python3.framework/Versions/3.9/lib/python3.9/xml in 1ms
[2022-12-12 11:28:58] [build-stdout] [INFO] [1] Extracted file /Applications/Xcode.app/Contents/Developer/Library/Frameworks/Python3.framework/Versions/3.9/lib/python3.9/sysconfig.py in 363ms
[2022-12-12 11:28:58] [build-stdout] [INFO] [10] Extracted file /Applications/Xcode.app/Contents/Developer/Library/Frameworks/Python3.framework/Versions/3.9/lib/python3.9/platform.py in 399ms
[2022-12-12 11:28:58] [build-stdout] [INFO] [1] Extracted file /Applications/Xcode.app/Contents/Developer/Library/Frameworks/Python3.framework/Versions/3.9/lib/python3.9/xml/parsers/__init__.py in 8ms
[2022-12-12 11:28:58] [build-stdout] [INFO] [9] Extracted file /Applications/Xcode.app/Contents/Developer/Library/Frameworks/Python3.framework/Versions/3.9/lib/python3.9/xml/parsers/expat.py in 16ms
[2022-12-12 11:28:58] [build-stdout] [INFO] [1] Extracted module termios in 14ms
[2022-12-12 11:28:58] [build-stdout] [INFO] [3] Extracted file /Applications/Xcode.app/Contents/Developer/Library/Frameworks/Python3.framework/Versions/3.9/lib/python3.9/email/message.py in 467ms
[2022-12-12 11:28:58] [build-stdout] [INFO] [9] Extracted file /Applications/Xcode.app/Contents/Developer/Library/Frameworks/Python3.framework/Versions/3.9/lib/python3.9/email/parser.py in 44ms
[2022-12-12 11:28:58] [build-stdout] [INFO] [2] Extracted file /Applications/Xcode.app/Contents/Developer/Library/Frameworks/Python3.framework/Versions/3.9/lib/python3.9/fractions.py in 276ms
[2022-12-12 11:28:58] [build-stdout] [INFO] [3] Extracted module _decimal in 16ms
[2022-12-12 11:28:58] [build-stdout] [INFO] [8] Extracted file /Applications/Xcode.app/Contents/Developer/Library/Frameworks/Python3.framework/Versions/3.9/lib/python3.9/http/server.py in 601ms
[2022-12-12 11:28:58] [build-stdout] [INFO] [8] Extracted file /Applications/Xcode.app/Contents/Developer/Library/Frameworks/Python3.framework/Versions/3.9/lib/python3.9/_aix_support.py in 37ms
[2022-12-12 11:28:58] [build-stdout] [INFO] [1] Extracted file /Applications/Xcode.app/Contents/Developer/Library/Frameworks/Python3.framework/Versions/3.9/lib/python3.9/importlib/abc.py in 127ms
[2022-12-12 11:28:58] [build-stdout] [INFO] [3] Extracted file /Applications/Xcode.app/Contents/Developer/Library/Frameworks/Python3.framework/Versions/3.9/lib/python3.9/shlex.py in 223ms
[2022-12-12 11:28:58] [build-stdout] [INFO] [3] Extracted module pyexpat in 54ms
[2022-12-12 11:28:59] [build-stdout] [INFO] [2] Extracted file /Applications/Xcode.app/Contents/Developer/Library/Frameworks/Python3.framework/Versions/3.9/lib/python3.9/zipimport.py in 302ms
[2022-12-12 11:28:59] [build-stdout] [INFO] [10] Extracted file /Applications/Xcode.app/Contents/Developer/Library/Frameworks/Python3.framework/Versions/3.9/lib/python3.9/gzip.py in 375ms
[2022-12-12 11:28:59] [build-stdout] [INFO] [8] Extracted file /Applications/Xcode.app/Contents/Developer/Library/Frameworks/Python3.framework/Versions/3.9/lib/python3.9/_osx_support.py in 273ms
[2022-12-12 11:28:59] [build-stdout] [INFO] [10] Extracted file /Applications/Xcode.app/Contents/Developer/Library/Frameworks/Python3.framework/Versions/3.9/lib/python3.9/email/errors.py in 63ms
[2022-12-12 11:28:59] [build-stdout] [INFO] [3] Extracted file /Applications/Xcode.app/Contents/Developer/Library/Frameworks/Python3.framework/Versions/3.9/lib/python3.9/uu.py in 141ms
[2022-12-12 11:28:59] [build-stdout] [INFO] [2] Extracted file /Applications/Xcode.app/Contents/Developer/Library/Frameworks/Python3.framework/Versions/3.9/lib/python3.9/email/charset.py in 144ms
[2022-12-12 11:28:59] [build-stdout] [INFO] [6] Extracted file /Applications/Xcode.app/Contents/Developer/Library/Frameworks/Python3.framework/Versions/3.9/lib/python3.9/http/client.py in 561ms
[2022-12-12 11:28:59] [build-stdout] [INFO] [6] Extracted folder /Applications/Xcode.app/Contents/Developer/Library/Frameworks/Python3.framework/Versions/3.9/lib/python3.9/html in 1ms
[2022-12-12 11:28:59] [build-stdout] [INFO] [8] Extracted file /Applications/Xcode.app/Contents/Developer/Library/Frameworks/Python3.framework/Versions/3.9/lib/python3.9/email/_policybase.py in 137ms
[2022-12-12 11:28:59] [build-stdout] [INFO] [10] Extracted file /Applications/Xcode.app/Contents/Developer/Library/Frameworks/Python3.framework/Versions/3.9/lib/python3.9/email/utils.py in 155ms
[2022-12-12 11:28:59] [build-stdout] [INFO] [2] Extracted file /Applications/Xcode.app/Contents/Developer/Library/Frameworks/Python3.framework/Versions/3.9/lib/python3.9/email/_encoded_words.py in 91ms
[2022-12-12 11:28:59] [build-stdout] [INFO] [1] Extracted file /Applications/Xcode.app/Contents/Developer/Library/Frameworks/Python3.framework/Versions/3.9/lib/python3.9/plistlib.py in 499ms
[2022-12-12 11:28:59] [build-stdout] [INFO] [3] Extracted file /Applications/Xcode.app/Contents/Developer/Library/Frameworks/Python3.framework/Versions/3.9/lib/python3.9/quopri.py in 179ms
[2022-12-12 11:28:59] [build-stdout] [INFO] [5] Extracted file /Applications/Xcode.app/Contents/Developer/Library/Frameworks/Python3.framework/Versions/3.9/lib/python3.9/datetime.py in 1252ms
[2022-12-12 11:28:59] [build-stdout] [INFO] [3] Extracted file /Applications/Xcode.app/Contents/Developer/Library/Frameworks/Python3.framework/Versions/3.9/lib/python3.9/distutils/__init__.py in 10ms
[2022-12-12 11:28:59] [build-stdout] [INFO] [3] Extracted folder /Applications/Xcode.app/Contents/Developer/Library/Frameworks/Python3.framework/Versions/3.9/lib/python3.9/distutils in 1ms
[2022-12-12 11:28:59] [build-stdout] [INFO] [2] Extracted file /Applications/Xcode.app/Contents/Developer/Library/Frameworks/Python3.framework/Versions/3.9/lib/python3.9/html/__init__.py in 79ms
[2022-12-12 11:28:59] [build-stdout] [INFO] [4] Extracted file /Applications/Xcode.app/Contents/Developer/Library/Frameworks/Python3.framework/Versions/3.9/lib/python3.9/tarfile.py in 1220ms
[2022-12-12 11:28:59] [build-stdout] [INFO] [1] Extracted file /Applications/Xcode.app/Contents/Developer/Library/Frameworks/Python3.framework/Versions/3.9/lib/python3.9/_bootsubprocess.py in 52ms
[2022-12-12 11:28:59] [build-stdout] [INFO] [4] Extracted file /Applications/Xcode.app/Contents/Developer/Library/Frameworks/Python3.framework/Versions/3.9/lib/python3.9/email/encoders.py in 35ms
[2022-12-12 11:28:59] [build-stdout] [INFO] [5] Extracted file /Applications/Xcode.app/Contents/Developer/Library/Frameworks/Python3.framework/Versions/3.9/lib/python3.9/distutils/log.py in 53ms
[2022-12-12 11:28:59] [build-stdout] [INFO] [7] Extracted file /Applications/Xcode.app/Contents/Developer/Library/Frameworks/Python3.framework/Versions/3.9/lib/python3.9/zipfile.py in 1275ms
[2022-12-12 11:28:59] [build-stdout] [INFO] [7] Extracted module _datetime in 19ms
[2022-12-12 11:28:59] [build-stdout] [INFO] [1] Extracted file /Applications/Xcode.app/Contents/Developer/Library/Frameworks/Python3.framework/Versions/3.9/lib/python3.9/email/base64mime.py in 60ms
[2022-12-12 11:28:59] [build-stdout] [INFO] [6] Extracted file /Applications/Xcode.app/Contents/Developer/Library/Frameworks/Python3.framework/Versions/3.9/lib/python3.9/mimetypes.py in 221ms
[2022-12-12 11:28:59] [build-stdout] [INFO] [2] Extracted file /Applications/Xcode.app/Contents/Developer/Library/Frameworks/Python3.framework/Versions/3.9/lib/python3.9/email/quoprimime.py in 99ms
[2022-12-12 11:28:59] [build-stdout] [INFO] [8] Extracted file /Applications/Xcode.app/Contents/Developer/Library/Frameworks/Python3.framework/Versions/3.9/lib/python3.9/email/feedparser.py in 237ms
[2022-12-12 11:28:59] [build-stdout] [INFO] [10] Extracted file /Applications/Xcode.app/Contents/Developer/Library/Frameworks/Python3.framework/Versions/3.9/lib/python3.9/socketserver.py in 206ms
[2022-12-12 11:28:59] [build-stdout] [INFO] [4] Extracted file /Applications/Xcode.app/Contents/Developer/Library/Frameworks/Python3.framework/Versions/3.9/lib/python3.9/email/header.py in 228ms
[2022-12-12 11:28:59] [build-stdout] [INFO] [5] Extracted file /Applications/Xcode.app/Contents/Developer/Library/Frameworks/Python3.framework/Versions/3.9/lib/python3.9/email/_parseaddr.py in 263ms
[2022-12-12 11:28:59] [build-stdout] [INFO] [3] Extracted file /Applications/Xcode.app/Contents/Developer/Library/Frameworks/Python3.framework/Versions/3.9/lib/python3.9/optparse.py in 571ms
[2022-12-12 11:29:00] [build-stdout] [INFO] [1] Extracted file /Applications/Xcode.app/Contents/Developer/Library/Frameworks/Python3.framework/Versions/3.9/lib/python3.9/textwrap.py in 138ms
[2022-12-12 11:29:00] [build-stdout] [INFO] [7] Extracted file /Applications/Xcode.app/Contents/Developer/Library/Frameworks/Python3.framework/Versions/3.9/lib/python3.9/html/entities.py in 748ms
[2022-12-12 11:29:00] [build-stdout] [INFO] [9] Extracted file /Applications/Xcode.app/Contents/Developer/Library/Frameworks/Python3.framework/Versions/3.9/lib/python3.9/_pydecimal.py in 2100ms
[2022-12-12 11:29:00] [build-stdout] [INFO] Processed 305 modules in 8.41s
[2022-12-12 11:29:00] Plumbing command codeql database trace-command completed.
[2022-12-12 11:29:00] [PROGRESS] database create> Finalizing database at /Users/glebtishchenko/dj-weatherbot/codeqldb.
[2022-12-12 11:29:00] Running plumbing command: codeql database finalize --mode=normal --no-db-cluster -- /Users/glebtishchenko/dj-weatherbot/codeqldb
[2022-12-12 11:29:00] [PROGRESS] database finalize> Running TRAP import for CodeQL database at /Users/glebtishchenko/dj-weatherbot/codeqldb...
[2022-12-12 11:29:00] Running plumbing command: codeql dataset import --dbscheme=/Users/glebtishchenko/codeql-home/codeql/python/semmlecode.python.dbscheme -- /Users/glebtishchenko/dj-weatherbot/codeqldb/db-python /Users/glebtishchenko/dj-weatherbot/codeqldb/trap/python
[2022-12-12 11:29:02] Clearing disk cache since the version file /Users/glebtishchenko/dj-weatherbot/codeqldb/db-python/default/cache/version does not exist
[2022-12-12 11:29:02] Tuple pool not found. Clearing relations with cached strings
[2022-12-12 11:29:02] Trimming disk cache at /Users/glebtishchenko/dj-weatherbot/codeqldb/db-python/default/cache in mode brutal.
[2022-12-12 11:29:02] Sequence stamp origin is -6377694252648782255
[2022-12-12 11:29:02] Pausing evaluation to hard-clear memory at sequence stamp o+0
[2022-12-12 11:29:02] Unpausing evaluation
[2022-12-12 11:29:02] Pausing evaluation to quickly trim disk at sequence stamp o+1
[2022-12-12 11:29:02] Unpausing evaluation
[2022-12-12 11:29:02] Pausing evaluation to zealously trim disk at sequence stamp o+2
[2022-12-12 11:29:02] Unpausing evaluation
[2022-12-12 11:29:02] Trimming completed (5ms): Purged everything.
[2022-12-12 11:29:02] Scanning for files in /Users/glebtishchenko/dj-weatherbot/codeqldb/trap/python
[2022-12-12 11:29:02] Importing $files.3zCR6chzuQvYGgGEXpHdU6RPyK8=.trap.gz (1 of 318)
[2022-12-12 11:29:02] Importing $files.AEFid5Tf2TRs_3nCXas0mUu9wDs=.trap.gz (2 of 318)
[2022-12-12 11:29:02] Importing $files.ESEf0d5yh-929keK0b13AMZjFfE=.trap.gz (3 of 318)
[2022-12-12 11:29:02] Importing $files.G6u1XCWYXTUs76TF3_IeZXugylA=.trap.gz (4 of 318)
[2022-12-12 11:29:02] Importing $files.K8tdqmd3vZ9qfoyJ313dM6npPTY=.trap.gz (5 of 318)
[2022-12-12 11:29:02] Importing $files.Qv_PUHF2bqHQAIyoh52GIip6LGk=.trap.gz (6 of 318)
[2022-12-12 11:29:02] Importing $files.Uw8conhgUTsAXRnSRivySvUty3g=.trap.gz (7 of 318)
[2022-12-12 11:29:02] Importing $files._R4o6aSyA3mhSu1WyGQk-dtwK2g=.trap.gz (8 of 318)
[2022-12-12 11:29:02] Importing $files.gKddj0s9ZZl6hNi4pDXrJWLIC7w=.trap.gz (9 of 318)
[2022-12-12 11:29:02] Importing $files.yYoFCZLW74gakUiE8n_fm2cKhfc=.trap.gz (10 of 318)
[2022-12-12 11:29:02] Importing $interpreter3.ORaA00FspF0LhauUSHkolhZzFp8=.trap.gz (11 of 318)
[2022-12-12 11:29:02] Importing $stdlib_33.EmuHlEPcOnpjmxuvX6ug8sNw6fE=.trap (12 of 318)
[2022-12-12 11:29:02] Importing __future__.py.WSTCgNawHadftGLZCp7OCK7rtAA=.trap.gz (13 of 318)
[2022-12-12 11:29:02] Importing __init__.py.2o5CmGOYBs9N6kBo4nk96ot26XQ=.trap.gz (14 of 318)
[2022-12-12 11:29:02] Importing __init__.py.2t8MHm-gGzV3iIu8PoDKVUd0Th0=.trap.gz (15 of 318)
[2022-12-12 11:29:02] Importing __init__.py.3LW8rLth1ncqb7dZNIulWWKBOGM=.trap.gz (16 of 318)
[2022-12-12 11:29:02] Importing __init__.py.5SX5niLmjtC34CejtI-aImakC_c=.trap.gz (17 of 318)
[2022-12-12 11:29:02] Importing __init__.py.DXo6GHjPJF4OfqWNMbWwIu_XH7Y=.trap.gz (18 of 318)
[2022-12-12 11:29:02] Importing __init__.py.FBgkt9TFslL_nwXQDjYGRZoTp0Q=.trap.gz (19 of 318)
[2022-12-12 11:29:02] Importing __init__.py.GMmB5dt3mU5D4r-xkzR-dtE46OE=.trap.gz (20 of 318)
[2022-12-12 11:29:02] Importing __init__.py.If2-yocQ_iIn8ytm68bX-pbGrj8=.trap.gz (21 of 318)
[2022-12-12 11:29:02] Importing __init__.py.L2BvbwnDMV4a4Sjjm4FPzjljD4I=.trap.gz (22 of 318)
[2022-12-12 11:29:02] Importing __init__.py.MF8qjpinxmAXh0SwsmeVlzuybEw=.trap.gz (23 of 318)
[2022-12-12 11:29:02] Importing __init__.py.MNeq0FLwfng3ePSZP3uFS5O0GKE=.trap.gz (24 of 318)
[2022-12-12 11:29:02] Importing __init__.py.P8wgtsOtzH1-vtFDc0uIeGT4J40=.trap.gz (25 of 318)
[2022-12-12 11:29:02] Importing __init__.py.R71ISAT2KNPslvYlEfjLf4IkYFE=.trap.gz (26 of 318)
[2022-12-12 11:29:02] Importing __init__.py.T7__lIbU781yMi1GEKwTjaIt6PY=.trap.gz (27 of 318)
[2022-12-12 11:29:02] Importing __init__.py.h2V4-wskugT6Xf4g1zJ3KDxoguM=.trap.gz (28 of 318)
[2022-12-12 11:29:02] Importing __init__.py.ibjscropM0YhwfUzr3_PqdvC8NI=.trap.gz (29 of 318)
[2022-12-12 11:29:02] Importing __init__.py.if0xVVHZRcJ1vKNvBzMOpNLoLhk=.trap.gz (30 of 318)
[2022-12-12 11:29:02] Importing __init__.py.iuZNxEr8x7wBIIDjnYyA3cZEZck=.trap.gz (31 of 318)
[2022-12-12 11:29:02] Importing __init__.py.kvYcISj66zGLeuyfaeU2AB7g47g=.trap.gz (32 of 318)
[2022-12-12 11:29:02] Importing __init__.py.qUyNwvTptxlABNztVVJraV8TDk0=.trap.gz (33 of 318)
[2022-12-12 11:29:02] Importing __init__.py.xuAFpZbyzy52B5VOOWr6MW7Hgjo=.trap.gz (34 of 318)
[2022-12-12 11:29:02] Importing _abc.P9lxhJ-I7poAaLd_3Yz_Mv-t8J8=.trap.gz (35 of 318)
[2022-12-12 11:29:02] Importing _aix_support.py.5rUU4gWOAU7mQZqSUvpW1d1gNsc=.trap.gz (36 of 318)
[2022-12-12 11:29:02] Importing _ast.TbOpNhGj5Rn6dC7rrHhv1XFl2sU=.trap.gz (37 of 318)
[2022-12-12 11:29:02] Importing _asyncio.foL46CnDfeHnQpk-7-x4Dq_MUpQ=.trap.gz (38 of 318)
[2022-12-12 11:29:02] Importing _base.py.91zrOAR0L4-TfdeuEDRaEC5Vnng=.trap.gz (39 of 318)
[2022-12-12 11:29:02] Importing _bisect.LXAXF8acxxYF6zDqLMW-fwaGXXc=.trap.gz (40 of 318)
[2022-12-12 11:29:02] Importing _blake2.At9aInVcKccEgThNFy9qI2-eW7Y=.trap.gz (41 of 318)
[2022-12-12 11:29:02] Importing _bootlocale.py.CJezMYxPtXKutfma0PSN_IpL0Dg=.trap.gz (42 of 318)
[2022-12-12 11:29:02] Importing _bootstrap.py.Sk2gfJEl21jTS6XwtBHx2F8Ps_8=.trap.gz (43 of 318)
[2022-12-12 11:29:02] Importing _bootstrap_external.py.EJDUsfJyMYiQBP_VThIoKoRt2QY=.trap.gz (44 of 318)
[2022-12-12 11:29:02] Importing _bootsubprocess.py.ylo6kVkUUEE9lqnak6YsyFupOwY=.trap.gz (45 of 318)
[2022-12-12 11:29:02] Importing _bz2.BroDz7xCWrn9e6V7xKkaP9mrmPU=.trap.gz (46 of 318)
[2022-12-12 11:29:02] Importing _codecs.ll7kL7ffjAOpyPNFFVd5SIS3_58=.trap.gz (47 of 318)
[2022-12-12 11:29:02] Importing _collections.u34peO0jneRXQA9GTRfB8OoO6nE=.trap.gz (48 of 318)
[2022-12-12 11:29:02] Importing _collections_abc.py.FopXE6BPEgd8d-dLizLSG09VDgE=.trap.gz (49 of 318)
[2022-12-12 11:29:02] Importing _compat_pickle.py.MbXzWLwUcM0eNmTDkyHub_jezik=.trap.gz (50 of 318)
[2022-12-12 11:29:02] Importing _compression.py.YbD8vF2m_ig02qdZrMXaTjDF96w=.trap.gz (51 of 318)
[2022-12-12 11:29:02] Importing _contextvars.--Z14OgALcoK3lYWct5O46LLsNQ=.trap.gz (52 of 318)
[2022-12-12 11:29:02] Importing _datetime.U1cT0nnHO4johxbMrDWIPeeOv0Q=.trap.gz (53 of 318)
[2022-12-12 11:29:02] Importing _decimal.ys74JzRFD45jGfF9h3NSs10bCSc=.trap.gz (54 of 318)
[2022-12-12 11:29:02] Importing _encoded_words.py.lKcLUcmkHIoreRQK397oxxBMwjI=.trap.gz (55 of 318)
[2022-12-12 11:29:02] Importing _functools.OB4dC1OltJwMdJsv9diSN7y1Qk0=.trap.gz (56 of 318)
[2022-12-12 11:29:02] Importing _hashlib.0dL62N-I_fl263t7WyngE7kAta4=.trap.gz (57 of 318)
[2022-12-12 11:29:02] Importing _heapq.SgtlGwHI4-Xeh9mnJfTbKcIyKvo=.trap.gz (58 of 318)
[2022-12-12 11:29:02] Importing _imp.faOmp2eyBUYu3_f81poflA5uOOY=.trap.gz (59 of 318)
[2022-12-12 11:29:02] Importing _io.WmEcBeL_e-_KPV6tmfZ-XP4LF1s=.trap.gz (60 of 318)
[2022-12-12 11:29:02] Importing _json.ouwpaVjzBwQS2ihcTWljYKXvV8k=.trap.gz (61 of 318)
[2022-12-12 11:29:02] Importing _locale.rCNX1_lUUdxYja7E9wifkd6v168=.trap.gz (62 of 318)
[2022-12-12 11:29:02] Importing _lzma.DR4Gm_KJdH4hU2w_b193Z_r0Ecs=.trap.gz (63 of 318)
[2022-12-12 11:29:02] Importing _md5.RsI-dgL3bKGX1M0-ABQVwVosQHw=.trap.gz (64 of 318)
[2022-12-12 11:29:02] Importing _multiprocessing.zPPr4fUIMsxjrV1YrjmEKSWfzVE=.trap.gz (65 of 318)
[2022-12-12 11:29:02] Importing _opcode.Z4BA0cJoaF9PRBOFpiWHgkPUSl8=.trap.gz (66 of 318)
[2022-12-12 11:29:02] Importing _operator.cKKR83FjFmSGdBYie1muRCfZ4vI=.trap.gz (67 of 318)
[2022-12-12 11:29:02] Importing _osx_support.py.TianizK3KE1m3CAiYzhQnGAkC5Q=.trap.gz (68 of 318)
[2022-12-12 11:29:02] Importing _parseaddr.py.zOm0iqJKdglLSPOmEI41-gA9gZ4=.trap.gz (69 of 318)
[2022-12-12 11:29:02] Importing _pickle.Uu11b7AxGFrPks2Sr6WS78N_w90=.trap.gz (70 of 318)
[2022-12-12 11:29:02] Importing _policybase.py.S8pMZUUN_zpPITp1rp7z1RrrlTI=.trap.gz (71 of 318)
[2022-12-12 11:29:02] Importing _posixshmem.y2UEE3dfJMdIJUxMQiNH9M5_2aA=.trap.gz (72 of 318)
[2022-12-12 11:29:02] Importing _posixsubprocess.A-vnKbodE1ApXh8nyt_Td3jJB8U=.trap.gz (73 of 318)
[2022-12-12 11:29:02] Importing _py_abc.py.eW2h1NUZsvcN3iHorCRC-eYAblo=.trap.gz (74 of 318)
[2022-12-12 11:29:02] Importing _pydecimal.py.LlGULq67YQojpRMzDINvpAH9dCg=.trap.gz (75 of 318)
[2022-12-12 11:29:02] Importing _queue.a5OJWkxrn38sjngHWyUFElwDWQs=.trap.gz (76 of 318)
[2022-12-12 11:29:02] Importing _random.gxrOUZ47DFKUpCHHhEVGkdNbG3w=.trap.gz (77 of 318)
[2022-12-12 11:29:02] Importing _sha1._6_3y-edqha29py8-S6Jj4kLPe0=.trap.gz (78 of 318)
[2022-12-12 11:29:02] Importing _sha256.xggR1dnKKkDiRMAhhLJOgmIcrwk=.trap.gz (79 of 318)
[2022-12-12 11:29:02] Importing _sha3.cZ1iT9Ame-4fyGx4GL1LIE0REQw=.trap.gz (80 of 318)
[2022-12-12 11:29:02] Importing _sha512.iu3O6w7b1h4eDRupUBBfzsE2ais=.trap.gz (81 of 318)
[2022-12-12 11:29:02] Importing _signal.--XQ64KuHBI9qFcOz8QRQJlekKk=.trap.gz (82 of 318)
[2022-12-12 11:29:02] Importing _socket.-k8XVUpDK43PurpbCLctwV5Pg0M=.trap.gz (83 of 318)
[2022-12-12 11:29:02] Importing _sre.XW8sbHspmP7x1a4I4v5L_V-X4AA=.trap.gz (84 of 318)
[2022-12-12 11:29:02] Importing _ssl.xpjp5jAOy5Szu8-jwqMz8iGZKV0=.trap.gz (85 of 318)
[2022-12-12 11:29:02] Importing _stat.n8Pz3ojlb7g5A-D8VKUJZn3nx7Q=.trap.gz (86 of 318)
[2022-12-12 11:29:02] Importing _statistics.Oui9zcvI_sbHI3gCy5KZVN2t0AM=.trap.gz (87 of 318)
[2022-12-12 11:29:02] Importing _string.L9r0mh96ST07doose9tDZ09GU1k=.trap.gz (88 of 318)
[2022-12-12 11:29:02] Importing _struct.1O3sNaUj1dEMviXk2UrQ9Wuf92k=.trap.gz (89 of 318)
[2022-12-12 11:29:02] Importing _thread.tvgGBxFeTl7iY11xiVzD7L8evco=.trap.gz (90 of 318)
[2022-12-12 11:29:02] Importing _threading_local.py.clR_-pw964Lh-CGK6x8YMecWDO8=.trap.gz (91 of 318)
[2022-12-12 11:29:02] Importing _tracemalloc.S--uDy5DzrS0isWEyQdE9vbzOs4=.trap.gz (92 of 318)
[2022-12-12 11:29:02] Importing _warnings.njQC3k6tauIWujUD3zElnm7s9ig=.trap.gz (93 of 318)
[2022-12-12 11:29:02] Importing _weakref.RZfOuuAblzf_LM2p2g3YtWcoQNY=.trap.gz (94 of 318)
[2022-12-12 11:29:02] Importing _weakrefset.py.FWt50GcvHBSfHkhgMvSJDEmiX1E=.trap.gz (95 of 318)
[2022-12-12 11:29:02] Importing abc.py.IbNZbnMgQnIpHrQM7sq2yWyh1tU=.trap.gz (96 of 318)
[2022-12-12 11:29:02] Importing abc.py.cnEqWhHNEabpTcEboXJxjK-VVSk=.trap.gz (97 of 318)
[2022-12-12 11:29:02] Importing abc.py.zXliOuebrlxrd1M2p5MQ0tVbKzo=.trap.gz (98 of 318)
[2022-12-12 11:29:02] Importing admin.py.5zA1Andx9w0ZMzcFcdgonJqnhFg=.trap.gz (99 of 318)
[2022-12-12 11:29:02] Importing aliases.py.G5nCq6F--ShRavZclSBWBc3R81o=.trap.gz (100 of 318)
[2022-12-12 11:29:02] Importing apps.py.2A7Nlqj-Dsa3RicaisssCBPy2bQ=.trap.gz (101 of 318)
[2022-12-12 11:29:02] Importing argparse.py.RutO_ZskW91BXnNnTlvM5qZpR68=.trap.gz (102 of 318)
[2022-12-12 11:29:02] Importing array.XIcYrwR4vwfmzabwunjJP37nx2g=.trap.gz (103 of 318)
[2022-12-12 11:29:02] Importing asgi.py.t7PVQtZ9nbjGaJBfOpeTB_oIrd0=.trap.gz (104 of 318)
[2022-12-12 11:29:02] Importing ast.py.WIfSuwZMPqp_-zbOZ8uYOFflBgM=.trap.gz (105 of 318)
[2022-12-12 11:29:02] Importing async_case.py.vJQLF6GTlOJhy0Eahi8uhSC5PQM=.trap.gz (106 of 318)
[2022-12-12 11:29:02] Importing asyncio.bxi-G1ijF5gVtugrDpxVikWpy34=.trap.gz (107 of 318)
[2022-12-12 11:29:02] Importing atexit.UfPfgEemgpDQRLBED7zeL7jFmls=.trap.gz (108 of 318)
[2022-12-12 11:29:02] Importing base64.py.XuW6yZ5cxCLI_okBrVuCwXJz2-M=.trap.gz (109 of 318)
[2022-12-12 11:29:02] Importing base64mime.py.SSeYIJZBW6wDLiSJ4zqwxlJQVIs=.trap.gz (110 of 318)
[2022-12-12 11:29:02] Importing base_events.py.dVCCiQ1_LJJVIDWBZ0iNtpi80XE=.trap.gz (111 of 318)
[2022-12-12 11:29:02] Importing base_futures.py.qDBVd7-n0G3Ar7LwOrJWwypFrWg=.trap.gz (112 of 318)
[2022-12-12 11:29:02] Importing base_subprocess.py.V--LT3ABU10xG4QU8aOJ4zN0lIk=.trap.gz (113 of 318)
[2022-12-12 11:29:02] Importing base_tasks.py.IXWdd7gy2xYkIz9ItujiOyLM4Qs=.trap.gz (114 of 318)
[2022-12-12 11:29:02] Importing bdb.py.yJEbfX82SHtaF9lj4fNWuUX2M-0=.trap.gz (115 of 318)
[2022-12-12 11:29:03] Importing binascii.9oRP668XnXfvrsP6sj9gf5kYUHo=.trap.gz (116 of 318)
[2022-12-12 11:29:03] Importing bisect.py.Ef169KGa-Pqoj6k4cdeTXeFbVCY=.trap.gz (117 of 318)
[2022-12-12 11:29:03] Importing builtins.xK6kMsEeho2czVKHOldTYN8LNzM=.trap.gz (118 of 318)
[2022-12-12 11:29:03] Importing bz2.py.C5eiBjI7yHZoaImAdRc0s-VQKB8=.trap.gz (119 of 318)
[2022-12-12 11:29:03] Importing calendar.py.2MPsxE1EqA4G8EZ5IJtMhi-utNI=.trap.gz (120 of 318)
[2022-12-12 11:29:03] Importing case.py.vBToARRdP8RFh5A3tt2S5t8RhkM=.trap.gz (121 of 318)
[2022-12-12 11:29:03] Importing charset.py.QjLEJFhoc1XpHc5oyW8hw3OzN04=.trap.gz (122 of 318)
[2022-12-12 11:29:03] Importing client.py.8VlFuYmwD2H5O92Cw9CfrxHmdRA=.trap.gz (123 of 318)
[2022-12-12 11:29:03] Importing client.py.juf5_jH1xTSH5_iubxal27skRy4=.trap.gz (124 of 318)
[2022-12-12 11:29:03] Importing cmd.py.6hjVSF7o6SrREFwtMYJPza02hLk=.trap.gz (125 of 318)
[2022-12-12 11:29:03] Importing code.py.EZk4DbEvYQQnImrI5bCYQTbNt6A=.trap.gz (126 of 318)
[2022-12-12 11:29:03] Importing codecs.py.Qn6Q6G61GHBVpiiM_vzQsdPAjX8=.trap.gz (127 of 318)
[2022-12-12 11:29:03] Importing codeop.py.GhP_QWgOw5FANHeSalL5haMSe3I=.trap.gz (128 of 318)
[2022-12-12 11:29:03] Importing collections.KCDeOm-WQgZ_M0i6HK5BJOytslI=.trap.gz (129 of 318)
[2022-12-12 11:29:03] Importing concurrent.DFsngWYh8hlP705xD_Ebf2psR6k=.trap.gz (130 of 318)
[2022-12-12 11:29:03] Importing connection.py.4b0M-aDpq4SRnq6Q7HY4NCrlTh4=.trap.gz (131 of 318)
[2022-12-12 11:29:03] Importing constants.py.jw9RFmEBfHvWY7VjcmzGMmfiAh8=.trap.gz (132 of 318)
[2022-12-12 11:29:03] Importing context.py.Y6hKrt_qR0W6Uavudxg4I8q6L-w=.trap.gz (133 of 318)
[2022-12-12 11:29:03] Importing contextlib.py.62UxeY95RHN3zwTMPpCPsgXq28o=.trap.gz (134 of 318)
[2022-12-12 11:29:03] Importing contextvars.py.oqF0H8yufS7ClhBZKvTwnZkIB5c=.trap.gz (135 of 318)
[2022-12-12 11:29:03] Importing copy.py.9RpJQeXqDkgWOz1gzAInjN7xzDU=.trap.gz (136 of 318)
[2022-12-12 11:29:03] Importing copyreg.py.n-7awdPgZViiwmE-sNJ-tDWe6sU=.trap.gz (137 of 318)
[2022-12-12 11:29:03] Importing coroutines.py.ZAxhNgz9W2p0CRbiYL9O5WSAO5Y=.trap.gz (138 of 318)
[2022-12-12 11:29:03] Importing cp437.py.Gu5lJe1xSNKgdo9OJI9ODUzjB9s=.trap.gz (139 of 318)
[2022-12-12 11:29:03] Importing datetime.py.0cC-Axo7-XNIIfiC2-a0o7cFEeM=.trap.gz (140 of 318)
[2022-12-12 11:29:03] Importing decimal.py.4eDD6CF7pOuYQ4H1H3zYc1lb2a4=.trap.gz (141 of 318)
[2022-12-12 11:29:03] Importing decoder.py.t8LYSQELJwZDYw2PJWhLvH4YH2M=.trap.gz (142 of 318)
[2022-12-12 11:29:03] Importing difflib.py.Tua7SnUMDHHyF7AOutRed6tpwWE=.trap.gz (143 of 318)
[2022-12-12 11:29:03] Importing dis.py.ISFl9HR9LAmMoxYbacb83wh_0cw=.trap.gz (144 of 318)
[2022-12-12 11:29:03] Importing distutils.mlGO0v8Iy9WIW_GD49QIKMesh5g=.trap.gz (145 of 318)
[2022-12-12 11:29:03] Importing doctest.py.vWeNXYRC71necEtcWQZDTos92Sg=.trap.gz (146 of 318)
[2022-12-12 11:29:03] Importing email.Df5UhTF6H2_lqoESexIInm6A83c=.trap.gz (147 of 318)
[2022-12-12 11:29:03] Importing encoder.py.oa4QEwWCzDWU28dxyDFDqPA6E_g=.trap.gz (148 of 318)
[2022-12-12 11:29:03] Importing encoders.py.oc7tvRN9oHaOtXHfKzElKnd_l4U=.trap.gz (149 of 318)
[2022-12-12 11:29:03] Importing encodings.p9urK54-oibvDfoPIz5kTmaGSR4=.trap.gz (150 of 318)
[2022-12-12 11:29:03] Importing entities.py.Oe-0p5mhayF_7ZP_CH7KRpuPl20=.trap.gz (151 of 318)
[2022-12-12 11:29:03] Importing enum.py.OzA_dbrqWfeFRbBwdqPAqhUvGI0=.trap.gz (152 of 318)
[2022-12-12 11:29:03] Importing errno.NBWUfWkBA9kKzFa4f-rSf-5YOl4=.trap.gz (153 of 318)
[2022-12-12 11:29:03] Importing errors.py.gofXNOWYX6oXZ-F70lRZ0ZnV2W0=.trap.gz (154 of 318)
[2022-12-12 11:29:03] Importing events.py.WTj0_Dky3OQFC-dOHiZbBJ80TGI=.trap.gz (155 of 318)
[2022-12-12 11:29:03] Importing exceptions.py.iDVowuR8gOW1x10r9pRQaE1FAek=.trap.gz (156 of 318)
[2022-12-12 11:29:03] Importing expat.py.zy7s2DtuDqHXDipB4i-FuA5Ipgk=.trap.gz (157 of 318)
[2022-12-12 11:29:03] Importing feedparser.py.LKBpNpodbQ0djpWeo-PoN_3TTCY=.trap.gz (158 of 318)
[2022-12-12 11:29:03] Importing fetchweather.0XxXw94d8OYDW5VTXdBj5-h9BMo=.trap.gz (159 of 318)
[2022-12-12 11:29:03] Importing fnmatch.py.DDSFIfi1_WDrMalFLYNN8i9DFQI=.trap.gz (160 of 318)
[2022-12-12 11:29:03] Importing forkserver.py.W0l_zvfrg5_GtUtW998VqJlG7lM=.trap.gz (161 of 318)
[2022-12-12 11:29:03] Importing format_helpers.py.7x97CQbaTp_tDDdZusI_vYAiOik=.trap.gz (162 of 318)
[2022-12-12 11:29:03] Importing fractions.py.IUVy1CBHBC8vu1Pl9FzJMhBxsag=.trap.gz (163 of 318)
[2022-12-12 11:29:03] Importing functools.py.CQLyka_gls3kfObKFcL9V7IdnWM=.trap.gz (164 of 318)
[2022-12-12 11:29:03] Importing futures.Z8_0gTZPgFXRvkYFc2NPYmICG7o=.trap.gz (165 of 318)
[2022-12-12 11:29:03] Importing futures.py.d2-K2pJsmJHl6rJjUbg8oEGumd0=.trap.gz (166 of 318)
[2022-12-12 11:29:03] Importing genericpath.py.zIA7_-X7SYXoLfyp7RKSHfKZ6z8=.trap.gz (167 of 318)
[2022-12-12 11:29:03] Importing getopt.py.DxzY___DxnNnb1dcU3n7Etjj-_Q=.trap.gz (168 of 318)
[2022-12-12 11:29:03] Importing gettext.py.JD4yfJgJIkeDDhd_Tg2XQPTykk0=.trap.gz (169 of 318)
[2022-12-12 11:29:03] Importing glob.py.5oNQ68AX3hRpHkwBxwryR3J27z4=.trap.gz (170 of 318)
[2022-12-12 11:29:03] Importing grp.T6gxRGOqs3nrknsU5R1hwAYxE78=.trap.gz (171 of 318)
[2022-12-12 11:29:03] Importing gzip.py.zcIt-_diEztR5oa3Ghaz2_RAVzo=.trap.gz (172 of 318)
[2022-12-12 11:29:03] Importing hashlib.py.OaUhnX6FA6g9dBXxWs9HjwxowyM=.trap.gz (173 of 318)
[2022-12-12 11:29:03] Importing header.py.aUoqE2A3UcylJqtGy0l0Z1MtSxw=.trap.gz (174 of 318)
[2022-12-12 11:29:03] Importing heapq.py.KTyy5xYsuWJS16gnyBXarWSIYWQ=.trap.gz (175 of 318)
[2022-12-12 11:29:03] Importing hmac.py.5rlKrCj4KaBNMKykelu2EBXligA=.trap.gz (176 of 318)
[2022-12-12 11:29:03] Importing html.mYkTuHPA4uFmv18s8sFO0zYELMk=.trap.gz (177 of 318)
[2022-12-12 11:29:03] Importing http.esCGejWiCbyfIyAk1lfGzN696go=.trap.gz (178 of 318)
[2022-12-12 11:29:03] Importing importlib.b4HVs9P-XzkVme22aJqbvIGkcMA=.trap.gz (179 of 318)
[2022-12-12 11:29:03] Importing inspect.py.li_xdOiMbSbLKHm516lYAipILGg=.trap.gz (180 of 318)
[2022-12-12 11:29:03] Importing io.py.zUDWZ2qXLTYfhpBCJ7WOdyus_DA=.trap.gz (181 of 318)
[2022-12-12 11:29:03] Importing itertools.ouReVUhnoVrLtj5OhJveLqo3ciI=.trap.gz (182 of 318)
[2022-12-12 11:29:03] Importing json.OD-ILTWcFaf_Kgl7mQQOT10UadY=.trap.gz (183 of 318)
[2022-12-12 11:29:03] Importing keyword.py.4jYEzIwj19cJ1ECmHnSgNIwwr-0=.trap.gz (184 of 318)
[2022-12-12 11:29:03] Importing linecache.py.8pqOqBhtVkP030yN7onzPJiqV5I=.trap.gz (185 of 318)
[2022-12-12 11:29:03] Importing loader.py.kwEJegwMYtkvBFx2F956jQx6760=.trap.gz (186 of 318)
[2022-12-12 11:29:03] Importing locale.py.tnZydNz0TfXUthA_qN1xh4xd6lQ=.trap.gz (187 of 318)
[2022-12-12 11:29:03] Importing locks.py.CRUPfwlH1Ha3UL79hOGwk3iTVQA=.trap.gz (188 of 318)
[2022-12-12 11:29:03] Importing log.py.B6fMquT6RoMdRrNCB_-SqtlPyV0=.trap.gz (189 of 318)
[2022-12-12 11:29:03] Importing log.py.Kv6v_CvLNVTgUcnp9QzzMvuWYm4=.trap.gz (190 of 318)
[2022-12-12 11:29:03] Importing logging.XuKJaEAn0W98rPmhKM5lZRe2HfY=.trap.gz (191 of 318)
[2022-12-12 11:29:03] Importing lzma.py.nH9gkbcSxeL4YowonCKrcp8k3WA=.trap.gz (192 of 318)
[2022-12-12 11:29:03] Importing machinery.py.BzTXMD8UFD6I40X7S3F8ndVaIjc=.trap.gz (193 of 318)
[2022-12-12 11:29:03] Importing main.py.dld8QYYuzYqv7UqIphIH747y4lY=.trap.gz (194 of 318)
[2022-12-12 11:29:03] Importing manage.py.hRm37A-2CXuJ81yDi4zEAJy40W0=.trap.gz (195 of 318)
[2022-12-12 11:29:03] Importing marshal.TwGIn7gyOeNSaE64FukHhJ4VPS0=.trap.gz (196 of 318)
[2022-12-12 11:29:03] Importing math.sCGxIPNC8YlqQ_5bPbYMwJITUuY=.trap.gz (197 of 318)
[2022-12-12 11:29:03] Importing mbcs.py.FnhS6iCTn9cC6wwWBMTtuZTclnM=.trap.gz (198 of 318)
[2022-12-12 11:29:03] Importing message.py.Y7GVoyUuniyoEXGkbf-F0WmKdes=.trap.gz (199 of 318)
[2022-12-12 11:29:03] Importing migrations.fHjMKqlvPYt4-ZePF6jbMnDmzI8=.trap.gz (200 of 318)
[2022-12-12 11:29:03] Importing mimetypes.py.EHgAfUR5icnPY8hkSv1t44-ZTjM=.trap.gz (201 of 318)
[2022-12-12 11:29:03] Importing models.py.xN6hEGf5q87e8ZNoCMaxFOrgvkM=.trap.gz (202 of 318)
[2022-12-12 11:29:03] Importing multiprocessing.kgoV7dXz8cv4YyBAT1g6l2asBgI=.trap.gz (203 of 318)
[2022-12-12 11:29:03] Importing ntpath.py.2zWKI-VV72IWghQXQkQ9Jlze06M=.trap.gz (204 of 318)
[2022-12-12 11:29:03] Importing numbers.py.Sxnd_-ailZorkDyXgC-kI_EhN2A=.trap.gz (205 of 318)
[2022-12-12 11:29:03] Importing opcode.py.WNF9MgRbWrddwzl2QTbIb4bjqYs=.trap.gz (206 of 318)
[2022-12-12 11:29:03] Importing operator.py.rQZOl-6bzYcGbf2oDKQ1ejTBeXg=.trap.gz (207 of 318)
[2022-12-12 11:29:03] Importing optparse.py.9-WbzgeZnx0LH40yP06rd1tiyoQ=.trap.gz (208 of 318)
[2022-12-12 11:29:03] Importing os.py.WrN4jEBfTlxqJXI4ClM_hGS4Zlw=.trap.gz (209 of 318)
[2022-12-12 11:29:03] Importing parse.py.MzNLosXCwGPynXdXHRexvsDY7w8=.trap.gz (210 of 318)
[2022-12-12 11:29:03] Importing parser.py.Txzby9UhHUyCUFn4GMS9jNJUMPw=.trap.gz (211 of 318)
[2022-12-12 11:29:03] Importing parsers.u3qDuwBBUUIqw82TibdtWztHQF8=.trap.gz (212 of 318)
[2022-12-12 11:29:03] Importing pathlib.py.GC_E5PIgNAVjyE5IHB-lrQSpmmw=.trap.gz (213 of 318)
[2022-12-12 11:29:03] Importing pdb.py.5Wk__oF24w2XJVUTsJUXURY3WRE=.trap.gz (214 of 318)
[2022-12-12 11:29:03] Importing pickle.py.sddbwgfn4Q99hijGJkhJhSSCT2k=.trap.gz (215 of 318)
[2022-12-12 11:29:04] Importing pkgutil.py.ElGni2rfiY72nltZIFZS53GANLI=.trap.gz (216 of 318)
[2022-12-12 11:29:04] Importing platform.py.VPDFFJDdxTeyidYTacZX0q_l1XE=.trap.gz (217 of 318)
[2022-12-12 11:29:04] Importing plistlib.py.sI3LGPr2AqkCxO7bpGlJopmcVKk=.trap.gz (218 of 318)
[2022-12-12 11:29:04] Importing posix.7XIEWDWQGbHyYF_0VVBdtDvhMFE=.trap.gz (219 of 318)
[2022-12-12 11:29:04] Importing posixpath.py.UHgndrsuiZfhh93sOJzGiigjh0Y=.trap.gz (220 of 318)
[2022-12-12 11:29:04] Importing pprint.py.uq-JPoni1QMol9GakjEnL_ZeG-g=.trap.gz (221 of 318)
[2022-12-12 11:29:04] Importing proactor_events.py.B7dXgfb7ledTc3Zclfi7cX-bGXE=.trap.gz (222 of 318)
[2022-12-12 11:29:04] Importing process.py.9442Gn9hDoHxrjxBnNeimGZ5w4Y=.trap.gz (223 of 318)
[2022-12-12 11:29:04] Importing process.py.BA2H9PDe3XwqYFxc0lUyIfLUmaM=.trap.gz (224 of 318)
[2022-12-12 11:29:04] Importing protocols.py.wHc5_W-ENb6sR9J4rNfGRDKbkcA=.trap.gz (225 of 318)
[2022-12-12 11:29:04] Importing pwd.ZwypFGP4UO3kgFOnfxF5ZUvJjMo=.trap.gz (226 of 318)
[2022-12-12 11:29:04] Importing pydoc.py.48HMiNSP4Xpe9klGBATodLJgGqU=.trap.gz (227 of 318)
[2022-12-12 11:29:04] Importing pyexpat.8b-zQSV7Q_PjpTfNYq3A1OY6AQg=.trap.gz (228 of 318)
[2022-12-12 11:29:04] Importing queue.py.3WZBDyl_VHkXre1f2mZfvRNnHjs=.trap.gz (229 of 318)
[2022-12-12 11:29:04] Importing queues.py.cpkSCkCWqXJ7vVRsGzrvXX6UK5g=.trap.gz (230 of 318)
[2022-12-12 11:29:04] Importing queues.py.jfnDlQIOknmRzp5mSMUKEJZpGOE=.trap.gz (231 of 318)
[2022-12-12 11:29:04] Importing quopri.py.a1Ys8krQu1G6pY0gejjV7bnpCnQ=.trap.gz (232 of 318)
[2022-12-12 11:29:04] Importing quoprimime.py.WVDDFJ7Yn1nViO8gfk7s8XeOjz8=.trap.gz (233 of 318)
[2022-12-12 11:29:04] Importing random.py.nKCxLQazfPl86EAZNv0zrwypMpw=.trap.gz (234 of 318)
[2022-12-12 11:29:04] Importing re.py.XWPgBdQyC53bB4ZRWy767NlFHvo=.trap.gz (235 of 318)
[2022-12-12 11:29:04] Importing readline.ZUfUddTbbmeZS02oT9EaidQ16d8=.trap.gz (236 of 318)
[2022-12-12 11:29:04] Importing reduction.py.v-IpIZjH5cHpGUIylq3BDZFM8lw=.trap.gz (237 of 318)
[2022-12-12 11:29:04] Importing reprlib.py.pvhTCMhv-muRnaCsNVdhAZ8yBDw=.trap.gz (238 of 318)
[2022-12-12 11:29:04] Importing resource_sharer.py.Jf9tdH7KbZk2xiZ4detfAJM3w94=.trap.gz (239 of 318)
[2022-12-12 11:29:04] Importing resource_tracker.py.bGF6WuPipoCiOy9tjr0tZvNe154=.trap.gz (240 of 318)
[2022-12-12 11:29:04] Importing result.py.T8AkGZCym0x26AnN4esdG9CjLIM=.trap.gz (241 of 318)
[2022-12-12 11:29:04] Importing runner.py.DTLkvbl10WS5l0vzL2TOhnmvhOU=.trap.gz (242 of 318)
[2022-12-12 11:29:04] Importing runners.py.A29zV6yNtVKQBT30HgNbHrbROcE=.trap.gz (243 of 318)
[2022-12-12 11:29:04] Importing runpy.py.m0kARb4WhUZqelF3zrh2x9Ui14s=.trap.gz (244 of 318)
[2022-12-12 11:29:04] Importing scanner.py.ldZ2v3UfgIDGpZay0iHq6NpZirY=.trap.gz (245 of 318)
[2022-12-12 11:29:04] Importing select.4nNwvK46PlQwOEnvcLnaPK45b7A=.trap.gz (246 of 318)
[2022-12-12 11:29:04] Importing selector_events.py.NOrmI91ZqBaJxGyosEC4MRMilUo=.trap.gz (247 of 318)
[2022-12-12 11:29:04] Importing selectors.py.RlsdjkbaAmOQfuMsZkA0667G8xo=.trap.gz (248 of 318)
[2022-12-12 11:29:04] Importing server.py.pyVR4IOsSjESI4MD7a83To6vKHs=.trap.gz (249 of 318)
[2022-12-12 11:29:04] Importing settings.py.I-zUEwPPW1Q1_sJOnpy0hQ4fy80=.trap.gz (250 of 318)
[2022-12-12 11:29:04] Importing shlex.py.g3vUu6ClXjYL1K5RChKI_ppFK5c=.trap.gz (251 of 318)
[2022-12-12 11:29:04] Importing shutil.py.pkrm1k29fdJDeYjzZcmgXOybpZA=.trap.gz (252 of 318)
[2022-12-12 11:29:04] Importing signal.py.e3VscKxZWNsW8Ng32-qEA11_BXA=.trap.gz (253 of 318)
[2022-12-12 11:29:04] Importing signals.py.widV13BCA0CvE4jjbydyvFU-9hA=.trap.gz (254 of 318)
[2022-12-12 11:29:04] Importing socket.py.S7A4x0hvst_r5vNkpv0kTQ8PzTA=.trap.gz (255 of 318)
[2022-12-12 11:29:04] Importing socketserver.py.FQp-59-jLQEsqZZN5uZz8veR-Q0=.trap.gz (256 of 318)
[2022-12-12 11:29:04] Importing sourceLocationPrefix.trap.gz (257 of 318)
[2022-12-12 11:29:04] Importing spawn.py.EqKhS3OFNUJzDiW_8xek-U6LInY=.trap.gz (258 of 318)
[2022-12-12 11:29:04] Importing sre_compile.py.VVAc8TIVJB4txXsUPBRN4vLNiNU=.trap.gz (259 of 318)
[2022-12-12 11:29:04] Importing sre_constants.py.AwNAVZ5MPu7UhKa4w-waqZuJVD4=.trap.gz (260 of 318)
[2022-12-12 11:29:04] Importing sre_parse.py.y_wPV505l23H4XxVE5oN2y9W2uc=.trap.gz (261 of 318)
[2022-12-12 11:29:04] Importing ssl.py.RFO4NMOoMbEiUghQrwZhuCMrsNE=.trap.gz (262 of 318)
[2022-12-12 11:29:04] Importing sslproto.py.q2uo6pH_mJb1CKQmLK8FuF_c5dc=.trap.gz (263 of 318)
[2022-12-12 11:29:04] Importing staggered.py.qnmajQi_AJQD95iExbfvMExm668=.trap.gz (264 of 318)
[2022-12-12 11:29:04] Importing stat.py.LY-DZgCNU8KggFT1W7rFIxaoVqo=.trap.gz (265 of 318)
[2022-12-12 11:29:04] Importing statistics.py.JKJLrYDS7HfCdEoKrKFG1dbsx98=.trap.gz (266 of 318)
[2022-12-12 11:29:04] Importing streams.py.6XwmoqjD4xN-QmBLB7zTkHfC5uk=.trap.gz (267 of 318)
[2022-12-12 11:29:04] Importing string.py.TfkHVPcCOHnNZFRNnEsO6hhQzWw=.trap.gz (268 of 318)
[2022-12-12 11:29:04] Importing struct.py.vWruWatjDLVZaexv6sQdA5jhDj0=.trap.gz (269 of 318)
[2022-12-12 11:29:04] Importing subprocess.py.iMS2Qh3B3WbhgofPB3hLTbzsZc8=.trap.gz (270 of 318)
[2022-12-12 11:29:04] Importing subprocess.py.thBADPcLoRWY0cpU6E5rtgLBiYk=.trap.gz (271 of 318)
[2022-12-12 11:29:04] Importing suite.py.y9KvSQUUbVCokCDQC_lvek83G08=.trap.gz (272 of 318)
[2022-12-12 11:29:04] Importing sys.TSrjL9quJ--s5Kg3JqUVYEFPQqE=.trap.gz (273 of 318)
[2022-12-12 11:29:04] Importing sysconfig.py.I4Pf4Z5dcz127iV0Xs1f4caqZ5o=.trap.gz (274 of 318)
[2022-12-12 11:29:04] Importing tarfile.py.uUWnp5hi-TkPuDcgiRWU0hZalkE=.trap.gz (275 of 318)
[2022-12-12 11:29:04] Importing tasks.py.d-YQf4m5Yk9zD14QHTBKSDWtSYA=.trap.gz (276 of 318)
[2022-12-12 11:29:04] Importing tempfile.py.VszX4eWIxC8mfND1nrWsVBOjuZ8=.trap.gz (277 of 318)
[2022-12-12 11:29:04] Importing termios.O6ThEi1-2jqttFajkHy80Wy6djA=.trap.gz (278 of 318)
[2022-12-12 11:29:04] Importing test_hub.py.opBpA8euETSoC_7dJJWeme48Wps=.trap.gz (279 of 318)
[2022-12-12 11:29:04] Importing tests.py.fIQ41mVbCLlxTlYEWkBZDdX4eII=.trap.gz (280 of 318)
[2022-12-12 11:29:04] Importing textwrap.py.FvIsgKGrR9n2-smZcySYGUM-RaY=.trap.gz (281 of 318)
[2022-12-12 11:29:04] Importing thread.py.5yeEnViPJIcEjVqcSScIMcrcAec=.trap.gz (282 of 318)
[2022-12-12 11:29:04] Importing threading.py.AkJ9Wh8wBfMkrH3BTVhxdm5y1uI=.trap.gz (283 of 318)
[2022-12-12 11:29:04] Importing threads.py.25w5hIVfCZwmCpVkC1x2FzjlN-c=.trap.gz (284 of 318)
[2022-12-12 11:29:04] Importing time.OO7gBy9Telxm8jlKrf-Fr1LU2Fc=.trap.gz (285 of 318)
[2022-12-12 11:29:04] Importing token.py.KS8ztiDPjFpueqDJgRebOm9_6IY=.trap.gz (286 of 318)
[2022-12-12 11:29:04] Importing tokenize.py.l8tje8gWclwNeOb4CWgPGKX89UI=.trap.gz (287 of 318)
[2022-12-12 11:29:04] Importing traceback.py.rXWvEaovJ7JX82EtDbzpF7B3hoQ=.trap.gz (288 of 318)
[2022-12-12 11:29:04] Importing tracemalloc.py.2Q3VM5IrxAXIlyhHmSw-IizTwc8=.trap.gz (289 of 318)
[2022-12-12 11:29:04] Importing transports.py.DgxumFb9Bry8QDT77qSOnOsUHT4=.trap.gz (290 of 318)
[2022-12-12 11:29:04] Importing trsock.py.TZupqloPAIs6Ga6s9w_5mF-d5CE=.trap.gz (291 of 318)
[2022-12-12 11:29:04] Importing tty.py.0gVGrBm5pDatlaQJeODuW5dTy8I=.trap.gz (292 of 318)
[2022-12-12 11:29:04] Importing types.py.rnr8lQ7vHKD1PSufh2dYnlj4cyM=.trap.gz (293 of 318)
[2022-12-12 11:29:04] Importing typing.py.n7017vMAuQMMNG-rRfRmDk0REzY=.trap.gz (294 of 318)
[2022-12-12 11:29:04] Importing unicodedata.I_b8atGtdLWou4bNlP5-59ehQJw=.trap.gz (295 of 318)
[2022-12-12 11:29:04] Importing unittest.pUR26DE0YbysX8xrYDNOsJVuoUA=.trap.gz (296 of 318)
[2022-12-12 11:29:04] Importing unix_events.py.CkqGWlgee3FSeo6JdyVYuamC4zM=.trap.gz (297 of 318)
[2022-12-12 11:29:04] Importing urllib.dfQMFwTV5NqaIMt8o6sQP3z57YI=.trap.gz (298 of 318)
[2022-12-12 11:29:04] Importing urls.py.2QFj38HKYN5Wz0aWG2LdX-lFKUo=.trap.gz (299 of 318)
[2022-12-12 11:29:04] Importing urls.py.gnNDiBOXn5zGglkmypcgz29zdPs=.trap.gz (300 of 318)
[2022-12-12 11:29:04] Importing util.py.mBzk0UGLaK7TANzH3fY-ehRZmjs=.trap.gz (301 of 318)
[2022-12-12 11:29:04] Importing util.py.saSNzwsqxs25YbN0JB7c3npumZk=.trap.gz (302 of 318)
[2022-12-12 11:29:04] Importing util.py.vvSq1DxnnR0bfhNmnMlYdisCaqQ=.trap.gz (303 of 318)
[2022-12-12 11:29:04] Importing utils.py.K9KnbYTLo1WOwwEaPnOft0uaEvw=.trap.gz (304 of 318)
[2022-12-12 11:29:04] Importing uu.py.nCyNCediwmkzVSzCnYK9j4kCdo8=.trap.gz (305 of 318)
[2022-12-12 11:29:04] Importing views.py.HAy7xUv68NQ-DJJKtyvxLgeWNLA=.trap.gz (306 of 318)
[2022-12-12 11:29:04] Importing warnings.py.VL80MwD-r6OXdxoJGyVeQQjDy2o=.trap.gz (307 of 318)
[2022-12-12 11:29:04] Importing weakref.py.vYgYtphy5K-M1YVQqntnrd6j-yM=.trap.gz (308 of 318)
[2022-12-12 11:29:04] Importing weatherbot.ZWLPjvxHXnCBWl4z5WOYt8kP2NU=.trap.gz (309 of 318)
[2022-12-12 11:29:04] Importing webbrowser.py.3F7t6WrwA2HWgrTotaHe03CqrNQ=.trap.gz (310 of 318)
[2022-12-12 11:29:04] Importing windows_events.py.Q1OGfaOHtALFScx7GM66eRL3eUs=.trap.gz (311 of 318)
[2022-12-12 11:29:04] Importing windows_utils.py.JIJr10nO4PALBfNbv3YywrMm13c=.trap.gz (312 of 318)
[2022-12-12 11:29:04] Importing wsgi.py.LPu4Y5d4tldzAlKuLqBD2Ba0O-w=.trap.gz (313 of 318)
[2022-12-12 11:29:04] Importing xml.n5Bl8WOQDjmz-vAf9ux-08rw8HA=.trap.gz (314 of 318)
[2022-12-12 11:29:04] Importing xmlrpc.3ubA8uyzRp5oVcjHhZcRJSjMBkU=.trap.gz (315 of 318)
[2022-12-12 11:29:04] Importing zipfile.py.tChPxvRAs_6HiOWpKn1D6aDa5yo=.trap.gz (316 of 318)
[2022-12-12 11:29:04] Importing zipimport.py.ePSrvqH8fggurVnfelAN6mv6M2c=.trap.gz (317 of 318)
[2022-12-12 11:29:05] Importing zlib.wmIPZjfOldvNtRZ6JuanJvmaPEY=.trap.gz (318 of 318)
[2022-12-12 11:29:05] Merging 1 fragment for files.
[2022-12-12 11:29:05] Merging 1 fragment for folders.
[2022-12-12 11:29:05] Merging 1 fragment for containerparent.
[2022-12-12 11:29:05] Merging 1 fragment for py_flags_versioned.
[2022-12-12 11:29:05] Merging 1 fragment for py_cobjects.
[2022-12-12 11:29:05] Merging 1 fragment for py_cobjecttypes.
[2022-12-12 11:29:05] Merging 1 fragment for py_cobject_sources.
[2022-12-12 11:29:05] Merging 1 fragment for py_cobjectnames.
[2022-12-12 11:29:05] Merging 1 fragment for py_cmembers_versioned.
[2022-12-12 11:29:05] Merging 1 fragment for py_special_objects.
[2022-12-12 11:29:05] Merging 1 fragment for py_citems.
[2022-12-12 11:29:05] Merging 1 fragment for ext_rettype.
[2022-12-12 11:29:05] Merging 1 fragment for ext_argtype.
[2022-12-12 11:29:05] Merging 1 fragment for ext_argreturn.
[2022-12-12 11:29:05] Merging 1 fragment for ext_proptype.
[2022-12-12 11:29:05] Merging 1 fragment for py_Modules.
[2022-12-12 11:29:05] Merging 1 fragment for py_module_path.
[2022-12-12 11:29:05] Merging 2 fragments for variable.
[2022-12-12 11:29:05] Merging 1 fragment for py_extracted_version.
[2022-12-12 11:29:05] Merging 1 fragment for py_stmt_lists.
[2022-12-12 11:29:05] Merging 1 fragment for py_stmts.
[2022-12-12 11:29:05] Merging 4 fragments for py_scopes.
[2022-12-12 11:29:05] Merging 3 fragments for py_exprs.
[2022-12-12 11:29:05] Merging 2 fragments for py_strs.
[2022-12-12 11:29:05] Merging 1 fragment for py_expr_lists.
[2022-12-12 11:29:05] Merging 2 fragments for py_expr_contexts.
[2022-12-12 11:29:05] Merging 2 fragments for py_variables.
[2022-12-12 11:29:05] Merging 1 fragment for py_operators.
[2022-12-12 11:29:05] Merging 1 fragment for py_numbers.
[2022-12-12 11:29:05] Merging 1 fragment for py_Classes.
[2022-12-12 11:29:05] Merging 1 fragment for py_arguments.
[2022-12-12 11:29:05] Merging 1 fragment for py_Functions.
[2022-12-12 11:29:05] Merging 1 fragment for py_parameter_lists.
[2022-12-12 11:29:05] Merging 1 fragment for py_bools.
[2022-12-12 11:29:05] Merging 4 fragments for py_flow_bb_node.
[2022-12-12 11:29:05] Merging 1 fragment for py_scope_flow.
[2022-12-12 11:29:05] Merging 4 fragments for py_successors.
[2022-12-12 11:29:05] Merging 4 fragments for py_idoms.
[2022-12-12 11:29:05] Merging 1 fragment for py_ssa_var.
[2022-12-12 11:29:05] Merging 1 fragment for py_ssa_defn.
[2022-12-12 11:29:05] Merging 1 fragment for py_ssa_use.
[2022-12-12 11:29:05] Merging 4 fragments for locations_ast.
[2022-12-12 11:29:05] Merging 1 fragment for py_scope_location.
[2022-12-12 11:29:05] Merging 1 fragment for py_comments.
[2022-12-12 11:29:05] Merging 1 fragment for py_codelines.
[2022-12-12 11:29:05] Merging 1 fragment for py_commentlines.
[2022-12-12 11:29:05] Merging 1 fragment for py_docstringlines.
[2022-12-12 11:29:05] Merging 1 fragment for py_alllines.
[2022-12-12 11:29:05] Merging 1 fragment for numlines.
[2022-12-12 11:29:05] Merging 4 fragments for py_locations.
[2022-12-12 11:29:06] Merging 1 fragment for py_alias_lists.
[2022-12-12 11:29:06] Merging 1 fragment for py_aliases.
[2022-12-12 11:29:06] Merging 1 fragment for py_ints.
[2022-12-12 11:29:06] Merging 1 fragment for py_cmpop_lists.
[2022-12-12 11:29:06] Merging 1 fragment for py_cmpops.
[2022-12-12 11:29:06] Merging 1 fragment for py_true_successors.
[2022-12-12 11:29:06] Merging 1 fragment for py_false_successors.
[2022-12-12 11:29:06] Merging 1 fragment for py_ssa_phi.
[2022-12-12 11:29:06] Merging 1 fragment for py_dict_item_lists.
[2022-12-12 11:29:06] Merging 1 fragment for py_dict_items.
[2022-12-12 11:29:06] Merging 1 fragment for py_exports.
[2022-12-12 11:29:06] Merging 1 fragment for py_boolops.
[2022-12-12 11:29:06] Merging 1 fragment for py_unaryops.
[2022-12-12 11:29:06] Merging 1 fragment for py_exception_successors.
[2022-12-12 11:29:06] Merging 1 fragment for py_StringPart_lists.
[2022-12-12 11:29:06] Merging 1 fragment for py_StringParts.
[2022-12-12 11:29:06] Merging 1 fragment for py_str_lists.
[2022-12-12 11:29:06] Merging 1 fragment for sourceLocationPrefix.
[2022-12-12 11:29:06] Saving string and id pools to disk.
[2022-12-12 11:29:06] Finished importing trap files.
[2022-12-12 11:29:06] Pausing evaluation to close the cache at sequence stamp o+3
[2022-12-12 11:29:06] The disk cache is freshly trimmed; leave it be.
[2022-12-12 11:29:06] Unpausing evaluation
[2022-12-12 11:29:06] Plumbing command codeql dataset import completed.
[2022-12-12 11:29:06] [PROGRESS] database finalize> TRAP import complete (5.3s).
[2022-12-12 11:29:06] Running plumbing command: codeql database cleanup --mode=normal -- /Users/glebtishchenko/dj-weatherbot/codeqldb
[2022-12-12 11:29:06] [PROGRESS] database cleanup> Cleaning up existing TRAP files after import...
[2022-12-12 11:29:06] [PROGRESS] database cleanup> TRAP files cleaned up (26ms).
[2022-12-12 11:29:06] [PROGRESS] database cleanup> Cleaning up scratch directory...
[2022-12-12 11:29:06] [PROGRESS] database cleanup> Scratch directory cleaned up (44ms).
[2022-12-12 11:29:06] Running plumbing command: codeql dataset cleanup --mode=normal -- /Users/glebtishchenko/dj-weatherbot/codeqldb/db-python
[2022-12-12 11:29:06] [PROGRESS] dataset cleanup> Cleaning up dataset in /Users/glebtishchenko/dj-weatherbot/codeqldb/db-python.
[2022-12-12 11:29:06] Trimming disk cache at /Users/glebtishchenko/dj-weatherbot/codeqldb/db-python/default/cache in mode normal.
[2022-12-12 11:29:06] Sequence stamp origin is -6377694233395938516
[2022-12-12 11:29:06] Pausing evaluation to zealously trim disk at sequence stamp o+0
[2022-12-12 11:29:06] Unpausing evaluation
[2022-12-12 11:29:06] Trimming completed (1ms): Trimmed disposable data from cache.
[2022-12-12 11:29:06] Pausing evaluation to close the cache at sequence stamp o+1
[2022-12-12 11:29:06] The disk cache is freshly trimmed; leave it be.
[2022-12-12 11:29:06] Unpausing evaluation
[2022-12-12 11:29:06] [PROGRESS] dataset cleanup> Trimmed disposable data from cache.
[2022-12-12 11:29:06] [PROGRESS] dataset cleanup> Finalizing dataset in /Users/glebtishchenko/dj-weatherbot/codeqldb/db-python
[2022-12-12 11:29:06] [DETAILS] dataset cleanup> Finished deleting ID pool from /Users/glebtishchenko/dj-weatherbot/codeqldb/db-python (2ms).
[2022-12-12 11:29:06] Plumbing command codeql dataset cleanup completed.
[2022-12-12 11:29:06] Plumbing command codeql database cleanup completed with status 0.
[2022-12-12 11:29:06] Plumbing command codeql database finalize completed.
[2022-12-12 11:29:06] [PROGRESS] database create> Successfully created database at /Users/glebtishchenko/dj-weatherbot/codeqldb.
[2022-12-12 11:29:06] Terminating normally.
